
2024/08/21 (21:15:21) | ===> btop++ v.1.3.2
2024/08/21 (21:15:21) | ERROR: Stall in Runner thread, restarting!
2024/08/21 (21:15:21) | WARNING: Error in Mem::collect() : std::future_error: No associated state
2024/08/21 (21:15:21) | WARNING: Error in Mem::collect() : std::future_error: No associated state
2024/08/21 (21:15:21) | WARNING: Error in Mem::collect() : std::future_error: No associated state
2024/08/21 (21:15:21) | WARNING: Error in Mem::collect() : std::future_error: No associated state
2024/08/21 (21:15:21) | WARNING: Error in Mem::collect() : std::future_error: No associated state
2024/08/21 (21:15:22) | WARNING: Error in Mem::collect() : std::future_error: No associated state

2024/08/26 (22:35:52) | ===> btop++ v.1.3.2
2024/08/26 (22:35:52) | ERROR: Stall in Runner thread, restarting!

2024/09/01 (02:01:52) | ===> btop++ v.1.3.2
2024/09/01 (02:01:52) | ERROR: Couldn't determine terminal size of "STDOUT_FILENO"!
2024/09/01 (02:01:52) | ERROR: Couldn't determine terminal size of "/dev/tty"!

2024/09/09 (22:44:07) | ===> btop++ v.1.3.2
2024/09/09 (22:44:07) | ERROR: Couldn't determine terminal size of "STDOUT_FILENO"!
2024/09/09 (22:44:07) | ERROR: Couldn't determine terminal size of "/dev/tty"!

2024/09/14 (00:11:11) | ===> btop++ v.1.3.2
2024/09/14 (00:11:11) | ERROR: Couldn't determine terminal size of "STDOUT_FILENO"!
2024/09/14 (00:11:11) | ERROR: Couldn't determine terminal size of "/dev/tty"!

2024/09/14 (15:25:00) | ===> btop++ v.1.3.2
2024/09/14 (15:25:00) | ERROR: Couldn't determine terminal size of "STDOUT_FILENO"!

2024/09/14 (23:28:28) | ===> btop++ v.1.3.2
2024/09/14 (23:28:28) | ERROR: Couldn't determine terminal size of "STDOUT_FILENO"!

2024/09/15 (20:56:13) | ===> btop++ v.1.3.2
2024/09/15 (20:56:13) | ERROR: Couldn't determine terminal size of "STDOUT_FILENO"!
2024/09/15 (20:56:13) | ERROR: Couldn't determine terminal size of "/dev/tty"!

2024/09/16 (21:55:56) | ===> btop++ v.1.3.2
2024/09/16 (21:55:56) | ERROR: Couldn't determine terminal size of "STDOUT_FILENO"!
2024/09/16 (21:55:56) | ERROR: Couldn't determine terminal size of "/dev/tty"!

2024/09/17 (19:33:27) | ===> btop++ v.1.3.2
2024/09/17 (19:33:27) | ERROR: Couldn't determine terminal size of "STDOUT_FILENO"!
2024/09/17 (19:33:27) | ERROR: Couldn't determine terminal size of "/dev/tty"!

2024/09/19 (18:27:19) | ===> btop++ v.1.3.2
2024/09/19 (18:27:19) | WARNING: NVML: Failed to get maximum GPU power draw, defaulting to 225W: Not Supported

2024/09/19 (18:39:44) | ===> btop++ v.1.3.2
2024/09/19 (18:39:44) | WARNING: NVML: Failed to get maximum GPU power draw, defaulting to 225W: Not Supported

2024/09/19 (18:49:39) | ===> btop++ v.1.3.2
2024/09/19 (18:49:39) | WARNING: NVML: Failed to get maximum GPU power draw, defaulting to 225W: Not Supported

2024/09/19 (18:53:32) | ===> btop++ v.1.3.2
2024/09/19 (18:53:32) | WARNING: NVML: Failed to get maximum GPU power draw, defaulting to 225W: Not Supported

2024/09/19 (19:38:22) | ===> btop++ v.1.3.2
2024/09/19 (19:38:22) | WARNING: NVML: Failed to get maximum GPU power draw, defaulting to 225W: Not Supported

2024/09/19 (19:44:54) | ===> btop++ v.1.3.2
2024/09/19 (19:44:54) | WARNING: NVML: Failed to get maximum GPU power draw, defaulting to 225W: Not Supported

2024/09/19 (19:45:07) | ===> btop++ v.1.3.2
2024/09/19 (19:45:07) | WARNING: NVML: Failed to get maximum GPU power draw, defaulting to 225W: Not Supported

2024/09/19 (19:47:10) | ===> btop++ v.1.3.2
2024/09/19 (19:47:10) | WARNING: NVML: Failed to get maximum GPU power draw, defaulting to 225W: Not Supported

2024/09/19 (21:33:25) | ===> btop++ v.1.3.2
2024/09/19 (21:33:25) | WARNING: NVML: Failed to get maximum GPU power draw, defaulting to 225W: Not Supported

2024/09/19 (21:33:56) | ===> btop++ v.1.3.2
2024/09/19 (21:33:56) | WARNING: NVML: Failed to get maximum GPU power draw, defaulting to 225W: Not Supported

2024/09/19 (22:16:13) | ===> btop++ v.1.3.2
2024/09/19 (22:16:13) | WARNING: NVML: Failed to get maximum GPU power draw, defaulting to 225W: Not Supported

2024/09/19 (23:19:46) | ===> btop++ v.1.3.2
2024/09/19 (23:19:46) | WARNING: NVML: Failed to get maximum GPU power draw, defaulting to 225W: Not Supported
2024/09/19 (23:27:31) | INFO: Logger set to INFO
2024/09/19 (23:27:33) | INFO: Logger set to DEBUG
2024/09/19 (23:27:36) | INFO: Logger set to INFO

2024/09/20 (10:37:18) | ===> btop++ v.1.3.2
2024/09/20 (10:37:18) | WARNING: NVML: Failed to get maximum GPU power draw, defaulting to 225W: Not Supported

2024/09/20 (14:42:48) | ===> btop++ v.1.3.2
2024/09/20 (14:42:48) | WARNING: NVML: Failed to get maximum GPU power draw, defaulting to 225W: Not Supported

2024/09/20 (14:43:04) | ===> btop++ v.1.3.2
2024/09/20 (14:43:04) | WARNING: NVML: Failed to get maximum GPU power draw, defaulting to 225W: Not Supported

2024/09/20 (14:44:58) | ===> btop++ v.1.3.2
2024/09/20 (14:44:58) | WARNING: NVML: Failed to get maximum GPU power draw, defaulting to 225W: Not Supported

2024/09/20 (15:50:40) | ===> btop++ v.1.3.2
2024/09/20 (15:50:40) | WARNING: NVML: Failed to get maximum GPU power draw, defaulting to 225W: Not Supported

2024/09/20 (19:40:55) | ===> btop++ v.1.3.2
2024/09/20 (19:40:55) | WARNING: NVML: Failed to get maximum GPU power draw, defaulting to 225W: Not Supported

2024/09/20 (23:13:05) | ===> btop++ v.1.3.2
2024/09/20 (23:13:05) | WARNING: NVML: Failed to get maximum GPU power draw, defaulting to 225W: Not Supported

2024/09/21 (11:21:07) | ===> btop++ v.1.3.2
2024/09/21 (11:21:07) | WARNING: NVML: Failed to get maximum GPU power draw, defaulting to 225W: Not Supported

2024/09/21 (17:38:10) | ===> btop++ v.1.3.2
2024/09/21 (17:38:10) | WARNING: NVML: Failed to get maximum GPU power draw, defaulting to 225W: Not Supported

2024/09/21 (18:13:26) | ===> btop++ v.1.3.2
2024/09/21 (18:13:26) | WARNING: NVML: Failed to get maximum GPU power draw, defaulting to 225W: Not Supported

2024/09/22 (11:17:38) | ===> btop++ v.1.3.2
2024/09/22 (11:17:38) | WARNING: NVML: Failed to get maximum GPU power draw, defaulting to 225W: Not Supported

2024/09/22 (11:26:53) | ===> btop++ v.1.3.2
2024/09/22 (11:26:53) | WARNING: NVML: Failed to get maximum GPU power draw, defaulting to 225W: Not Supported

2024/09/22 (11:26:55) | ===> btop++ v.1.3.2
2024/09/22 (11:26:55) | WARNING: NVML: Failed to get maximum GPU power draw, defaulting to 225W: Not Supported

2024/09/22 (12:31:00) | ===> btop++ v.1.3.2
2024/09/22 (12:31:00) | WARNING: NVML: Failed to get maximum GPU power draw, defaulting to 225W: Not Supported

2024/09/22 (12:32:02) | ===> btop++ v.1.3.2
2024/09/22 (12:32:02) | WARNING: NVML: Failed to get maximum GPU power draw, defaulting to 225W: Not Supported

2024/09/22 (12:34:00) | ===> btop++ v.1.3.2
2024/09/22 (12:34:00) | WARNING: NVML: Failed to get maximum GPU power draw, defaulting to 225W: Not Supported

2024/09/22 (13:00:08) | ===> btop++ v.1.3.2
2024/09/22 (13:00:08) | WARNING: NVML: Failed to get maximum GPU power draw, defaulting to 225W: Not Supported

2024/09/22 (18:24:52) | ===> btop++ v.1.3.2
2024/09/22 (18:24:52) | WARNING: NVML: Failed to get maximum GPU power draw, defaulting to 225W: Not Supported

2024/09/22 (22:13:05) | ===> btop++ v.1.3.2
2024/09/22 (22:13:05) | WARNING: NVML: Failed to get maximum GPU power draw, defaulting to 225W: Not Supported

2024/09/22 (22:13:41) | ===> btop++ v.1.3.2
2024/09/22 (22:13:41) | WARNING: NVML: Failed to get maximum GPU power draw, defaulting to 225W: Not Supported

2024/09/23 (15:13:23) | ===> btop++ v.1.3.2
2024/09/23 (15:13:23) | WARNING: NVML: Failed to get maximum GPU power draw, defaulting to 225W: Not Supported

2024/09/23 (20:11:49) | ===> btop++ v.1.3.2
2024/09/23 (20:11:49) | WARNING: NVML: Failed to get maximum GPU power draw, defaulting to 225W: Not Supported

2024/09/23 (20:18:58) | ===> btop++ v.1.3.2
2024/09/23 (20:18:58) | WARNING: NVML: Failed to get maximum GPU power draw, defaulting to 225W: Not Supported

2024/09/23 (20:45:28) | ===> btop++ v.1.3.2
2024/09/23 (20:45:28) | WARNING: NVML: Failed to get maximum GPU power draw, defaulting to 225W: Not Supported

2024/09/23 (22:43:33) | ===> btop++ v.1.3.2
2024/09/23 (22:43:33) | WARNING: NVML: Failed to get maximum GPU power draw, defaulting to 225W: Not Supported

2024/09/23 (22:43:40) | ===> btop++ v.1.3.2
2024/09/23 (22:43:40) | WARNING: NVML: Failed to get maximum GPU power draw, defaulting to 225W: Not Supported

2024/09/23 (22:44:15) | ===> btop++ v.1.3.2
2024/09/23 (22:44:15) | WARNING: NVML: Failed to get maximum GPU power draw, defaulting to 225W: Not Supported

2024/09/24 (16:01:45) | ===> btop++ v.1.4.0
2024/09/24 (16:01:45) | WARNING: NVML: Failed to get maximum GPU power draw, defaulting to 225W: Not Supported

2024/09/24 (22:44:51) | ===> btop++ v.1.4.0
2024/09/24 (22:44:51) | WARNING: NVML: Failed to get maximum GPU power draw, defaulting to 225W: Not Supported

2024/09/25 (16:38:58) | ===> btop++ v.1.4.0
2024/09/25 (16:38:58) | WARNING: NVML: Failed to get maximum GPU power draw, defaulting to 225W: Not Supported

2024/09/25 (17:15:13) | ===> btop++ v.1.4.0
2024/09/25 (17:15:13) | WARNING: NVML: Failed to get maximum GPU power draw, defaulting to 225W: Not Supported

2024/09/25 (21:41:43) | ===> btop++ v.1.4.0
2024/09/25 (21:41:43) | WARNING: NVML: Failed to get maximum GPU power draw, defaulting to 225W: Not Supported

2024/09/26 (14:41:36) | ===> btop++ v.1.4.0
2024/09/26 (14:41:36) | WARNING: NVML: Failed to get maximum GPU power draw, defaulting to 225W: Not Supported

2024/09/26 (19:51:51) | ===> btop++ v.1.4.0
2024/09/26 (19:51:51) | WARNING: NVML: Failed to get maximum GPU power draw, defaulting to 225W: Not Supported

2024/09/26 (19:56:07) | ===> btop++ v.1.4.0
2024/09/26 (19:56:07) | WARNING: NVML: Failed to get maximum GPU power draw, defaulting to 225W: Not Supported

2024/09/27 (17:21:22) | ===> btop++ v.1.4.0
2024/09/27 (17:21:22) | WARNING: NVML: Failed to get maximum GPU power draw, defaulting to 225W: Not Supported

2024/09/27 (19:13:53) | ===> btop++ v.1.4.0
2024/09/27 (19:13:53) | WARNING: NVML: Failed to get maximum GPU power draw, defaulting to 225W: Not Supported

2024/09/27 (22:24:43) | ===> btop++ v.1.4.0
2024/09/27 (22:24:43) | WARNING: NVML: Failed to get maximum GPU power draw, defaulting to 225W: Not Supported

2024/09/28 (10:37:17) | ===> btop++ v.1.4.0
2024/09/28 (10:37:17) | WARNING: NVML: Failed to get maximum GPU power draw, defaulting to 225W: Not Supported

2024/09/28 (15:10:07) | ===> btop++ v.1.4.0
2024/09/28 (15:10:07) | WARNING: NVML: Failed to get maximum GPU power draw, defaulting to 225W: Not Supported

2024/09/28 (17:01:16) | ===> btop++ v.1.4.0
2024/09/28 (17:01:16) | WARNING: NVML: Failed to get maximum GPU power draw, defaulting to 225W: Not Supported
2024/09/28 (17:05:28) | ERROR: Stall in Runner thread, restarting!
2024/09/28 (17:05:33) | ERROR: Stall in Runner thread, restarting!

2024/09/28 (17:06:32) | ===> btop++ v.1.4.0
2024/09/28 (17:06:32) | WARNING: NVML: Failed to get maximum GPU power draw, defaulting to 225W: Not Supported

2024/09/28 (23:37:31) | ===> btop++ v.1.4.0
2024/09/28 (23:37:31) | WARNING: NVML: Failed to get maximum GPU power draw, defaulting to 225W: Not Supported

2024/09/29 (11:46:13) | ===> btop++ v.1.4.0
2024/09/29 (11:46:13) | WARNING: NVML: Failed to get maximum GPU power draw, defaulting to 225W: Not Supported

2024/09/30 (14:58:26) | ===> btop++ v.1.4.0
2024/09/30 (14:58:26) | WARNING: NVML: Failed to get maximum GPU power draw, defaulting to 225W: Not Supported

2024/09/30 (16:04:19) | ===> btop++ v.1.4.0
2024/09/30 (16:04:19) | WARNING: NVML: Failed to get maximum GPU power draw, defaulting to 225W: Not Supported

2024/09/30 (16:54:20) | ===> btop++ v.1.4.0
2024/09/30 (16:54:20) | WARNING: NVML: Failed to get maximum GPU power draw, defaulting to 225W: Not Supported

2024/09/30 (22:01:15) | ===> btop++ v.1.4.0
2024/09/30 (22:01:15) | WARNING: NVML: Failed to get maximum GPU power draw, defaulting to 225W: Not Supported

2024/09/30 (22:03:32) | ===> btop++ v.1.4.0
2024/09/30 (22:03:32) | WARNING: NVML: Failed to get maximum GPU power draw, defaulting to 225W: Not Supported

2024/10/01 (16:14:13) | ===> btop++ v.1.4.0
2024/10/01 (16:14:13) | WARNING: NVML: Failed to get maximum GPU power draw, defaulting to 225W: Not Supported

2024/10/01 (18:17:35) | ===> btop++ v.1.4.0
2024/10/01 (18:17:35) | WARNING: NVML: Failed to get maximum GPU power draw, defaulting to 225W: Not Supported

2024/10/01 (19:22:55) | ===> btop++ v.1.4.0
2024/10/01 (19:22:55) | WARNING: NVML: Failed to get maximum GPU power draw, defaulting to 225W: Not Supported

2024/10/01 (22:24:33) | ===> btop++ v.1.4.0
2024/10/01 (22:24:33) | WARNING: NVML: Failed to get maximum GPU power draw, defaulting to 225W: Not Supported

2024/10/01 (22:24:42) | ===> btop++ v.1.4.0
2024/10/01 (22:24:42) | ERROR: Couldn't determine terminal size of "STDOUT_FILENO"!
2024/10/01 (22:24:42) | WARNING: NVML: Failed to get maximum GPU power draw, defaulting to 225W: Not Supported
2024/10/01 (22:24:42) | ERROR: Couldn't determine terminal size of "STDOUT_FILENO"!

2024/10/01 (22:24:43) | ===> btop++ v.1.4.0
2024/10/01 (22:24:43) | ERROR: Couldn't determine terminal size of "STDOUT_FILENO"!
2024/10/01 (22:24:43) | WARNING: NVML: Failed to get maximum GPU power draw, defaulting to 225W: Not Supported
2024/10/01 (22:24:43) | ERROR: Couldn't determine terminal size of "STDOUT_FILENO"!

2024/10/01 (22:24:44) | ===> btop++ v.1.4.0
2024/10/01 (22:24:44) | ERROR: Couldn't determine terminal size of "STDOUT_FILENO"!
2024/10/01 (22:24:44) | WARNING: NVML: Failed to get maximum GPU power draw, defaulting to 225W: Not Supported
2024/10/01 (22:24:44) | ERROR: Couldn't determine terminal size of "STDOUT_FILENO"!

2024/10/01 (22:24:45) | ===> btop++ v.1.4.0
2024/10/01 (22:24:45) | ERROR: Couldn't determine terminal size of "STDOUT_FILENO"!
2024/10/01 (22:24:45) | WARNING: NVML: Failed to get maximum GPU power draw, defaulting to 225W: Not Supported
2024/10/01 (22:24:45) | ERROR: Couldn't determine terminal size of "STDOUT_FILENO"!

2024/10/01 (22:24:46) | ===> btop++ v.1.4.0
2024/10/01 (22:24:46) | ERROR: Couldn't determine terminal size of "STDOUT_FILENO"!
2024/10/01 (22:24:46) | WARNING: NVML: Failed to get maximum GPU power draw, defaulting to 225W: Not Supported

2024/10/02 (16:26:43) | ===> btop++ v.1.4.0
2024/10/02 (16:26:43) | WARNING: NVML: Failed to get maximum GPU power draw, defaulting to 225W: Not Supported

2024/10/02 (22:08:58) | ===> btop++ v.1.4.0
2024/10/02 (22:08:58) | WARNING: NVML: Failed to get maximum GPU power draw, defaulting to 225W: Not Supported

2024/10/03 (14:04:53) | ===> btop++ v.1.4.0
2024/10/03 (14:04:53) | WARNING: NVML: Failed to get maximum GPU power draw, defaulting to 225W: Not Supported

2024/10/03 (18:58:02) | ===> btop++ v.1.4.0
2024/10/03 (18:58:02) | WARNING: NVML: Failed to get maximum GPU power draw, defaulting to 225W: Not Supported

2024/10/03 (21:09:00) | ===> btop++ v.1.4.0
2024/10/03 (21:09:00) | WARNING: NVML: Failed to get maximum GPU power draw, defaulting to 225W: Not Supported

2024/10/03 (21:13:37) | ===> btop++ v.1.4.0
2024/10/03 (21:13:37) | WARNING: NVML: Failed to get maximum GPU power draw, defaulting to 225W: Not Supported

2024/10/04 (18:07:04) | ===> btop++ v.1.4.0
2024/10/04 (18:07:04) | WARNING: NVML: Failed to get maximum GPU power draw, defaulting to 225W: Not Supported

2024/10/04 (23:33:29) | ===> btop++ v.1.4.0
2024/10/04 (23:33:29) | WARNING: NVML: Failed to get maximum GPU power draw, defaulting to 225W: Not Supported

2024/10/05 (12:41:33) | ===> btop++ v.1.4.0
2024/10/05 (12:41:33) | WARNING: NVML: Failed to get maximum GPU power draw, defaulting to 225W: Not Supported

2024/10/05 (20:35:32) | ===> btop++ v.1.4.0
2024/10/05 (20:35:32) | WARNING: NVML: Failed to get maximum GPU power draw, defaulting to 225W: Not Supported

2024/10/05 (22:14:21) | ===> btop++ v.1.4.0
2024/10/05 (22:14:21) | WARNING: NVML: Failed to get maximum GPU power draw, defaulting to 225W: Not Supported

2024/10/06 (10:33:13) | ===> btop++ v.1.4.0
2024/10/06 (10:33:13) | WARNING: NVML: Failed to get maximum GPU power draw, defaulting to 225W: Not Supported

2024/10/07 (14:28:23) | ===> btop++ v.1.4.0
2024/10/07 (14:28:23) | WARNING: NVML: Failed to get maximum GPU power draw, defaulting to 225W: Not Supported

2024/10/07 (14:44:34) | ===> btop++ v.1.4.0
2024/10/07 (14:44:34) | WARNING: NVML: Failed to get maximum GPU power draw, defaulting to 225W: Not Supported

2024/10/07 (22:21:49) | ===> btop++ v.1.4.0
2024/10/07 (22:21:49) | WARNING: NVML: Failed to get maximum GPU power draw, defaulting to 225W: Not Supported

2024/10/08 (12:31:59) | ===> btop++ v.1.4.0
2024/10/08 (12:31:59) | WARNING: NVML: Failed to get maximum GPU power draw, defaulting to 225W: Not Supported

2024/10/08 (21:59:40) | ===> btop++ v.1.4.0
2024/10/08 (21:59:40) | WARNING: NVML: Failed to get maximum GPU power draw, defaulting to 225W: Not Supported

2024/10/09 (13:48:37) | ===> btop++ v.1.4.0
2024/10/09 (13:48:37) | WARNING: NVML: Failed to get maximum GPU power draw, defaulting to 225W: Not Supported

2024/10/09 (16:35:22) | ===> btop++ v.1.4.0
2024/10/09 (16:35:22) | WARNING: NVML: Failed to get maximum GPU power draw, defaulting to 225W: Not Supported

2024/10/09 (16:58:10) | ===> btop++ v.1.4.0
2024/10/09 (16:58:10) | WARNING: NVML: Failed to get maximum GPU power draw, defaulting to 225W: Not Supported

2024/10/09 (21:50:34) | ===> btop++ v.1.4.0
2024/10/09 (21:50:34) | WARNING: NVML: Failed to get maximum GPU power draw, defaulting to 225W: Not Supported

2024/10/09 (21:50:38) | ===> btop++ v.1.4.0
2024/10/09 (21:50:38) | WARNING: NVML: Failed to get maximum GPU power draw, defaulting to 225W: Not Supported

2024/10/09 (21:50:56) | ===> btop++ v.1.4.0
2024/10/09 (21:50:56) | WARNING: NVML: Failed to get maximum GPU power draw, defaulting to 225W: Not Supported

2024/10/09 (21:51:16) | ===> btop++ v.1.4.0
2024/10/09 (21:51:16) | WARNING: NVML: Failed to get maximum GPU power draw, defaulting to 225W: Not Supported

2024/10/09 (21:52:01) | ===> btop++ v.1.4.0
2024/10/09 (21:52:01) | WARNING: NVML: Failed to get maximum GPU power draw, defaulting to 225W: Not Supported

2024/10/09 (21:52:08) | ===> btop++ v.1.4.0
2024/10/09 (21:52:08) | WARNING: NVML: Failed to get maximum GPU power draw, defaulting to 225W: Not Supported

2024/10/09 (21:52:14) | ===> btop++ v.1.4.0
2024/10/09 (21:52:14) | WARNING: NVML: Failed to get maximum GPU power draw, defaulting to 225W: Not Supported

2024/10/09 (21:53:18) | ===> btop++ v.1.4.0
2024/10/09 (21:53:18) | WARNING: NVML: Failed to get maximum GPU power draw, defaulting to 225W: Not Supported

2024/10/09 (21:54:19) | ===> btop++ v.1.4.0
2024/10/09 (21:54:19) | WARNING: NVML: Failed to get maximum GPU power draw, defaulting to 225W: Not Supported

2024/10/09 (21:54:29) | ===> btop++ v.1.4.0
2024/10/09 (21:54:29) | WARNING: NVML: Failed to get maximum GPU power draw, defaulting to 225W: Not Supported

2024/10/09 (21:54:49) | ===> btop++ v.1.4.0
2024/10/09 (21:54:49) | WARNING: NVML: Failed to get maximum GPU power draw, defaulting to 225W: Not Supported

2024/10/09 (21:55:02) | ===> btop++ v.1.4.0
2024/10/09 (21:55:02) | WARNING: NVML: Failed to get maximum GPU power draw, defaulting to 225W: Not Supported

2024/10/09 (21:55:16) | ===> btop++ v.1.4.0
2024/10/09 (21:55:16) | WARNING: NVML: Failed to get maximum GPU power draw, defaulting to 225W: Not Supported

2024/10/09 (21:56:26) | ===> btop++ v.1.4.0
2024/10/09 (21:56:26) | WARNING: NVML: Failed to get maximum GPU power draw, defaulting to 225W: Not Supported

2024/10/10 (17:01:54) | ===> btop++ v.1.4.0
2024/10/10 (17:01:54) | WARNING: NVML: Failed to get maximum GPU power draw, defaulting to 225W: Not Supported

2024/10/10 (18:00:53) | ===> btop++ v.1.4.0
2024/10/10 (18:00:53) | WARNING: NVML: Failed to get maximum GPU power draw, defaulting to 225W: Not Supported

2024/10/11 (10:48:20) | ===> btop++ v.1.4.0
2024/10/11 (10:48:20) | WARNING: NVML: Failed to get maximum GPU power draw, defaulting to 225W: Not Supported

2024/10/11 (11:19:11) | ===> btop++ v.1.4.0
2024/10/11 (11:19:11) | WARNING: NVML: Failed to get maximum GPU power draw, defaulting to 225W: Not Supported

2024/10/11 (11:19:20) | ===> btop++ v.1.4.0
2024/10/11 (11:19:20) | WARNING: NVML: Failed to get maximum GPU power draw, defaulting to 225W: Not Supported

2024/10/11 (11:19:27) | ===> btop++ v.1.4.0
2024/10/11 (11:19:27) | WARNING: NVML: Failed to get maximum GPU power draw, defaulting to 225W: Not Supported

2024/10/11 (11:19:47) | ===> btop++ v.1.4.0
2024/10/11 (11:19:47) | WARNING: NVML: Failed to get maximum GPU power draw, defaulting to 225W: Not Supported

2024/10/11 (11:20:04) | ===> btop++ v.1.4.0
2024/10/11 (11:20:04) | WARNING: NVML: Failed to get maximum GPU power draw, defaulting to 225W: Not Supported

2024/10/11 (19:13:50) | ===> btop++ v.1.4.0
2024/10/11 (19:13:50) | WARNING: NVML: Failed to get maximum GPU power draw, defaulting to 225W: Not Supported

2024/10/12 (00:33:52) | ===> btop++ v.1.4.0
2024/10/12 (00:33:52) | WARNING: NVML: Failed to get maximum GPU power draw, defaulting to 225W: Not Supported

2024/10/12 (12:41:48) | ===> btop++ v.1.4.0
2024/10/12 (12:41:48) | WARNING: NVML: Failed to get maximum GPU power draw, defaulting to 225W: Not Supported

2024/10/12 (13:41:20) | ===> btop++ v.1.4.0
2024/10/12 (13:41:20) | WARNING: NVML: Failed to get maximum GPU power draw, defaulting to 225W: Not Supported
2024/10/12 (16:26:17) | ERROR: Stall in Runner thread, restarting!
2024/10/12 (16:26:22) | ERROR: Stall in Runner thread, restarting!
2024/10/12 (16:26:27) | ERROR: Stall in Runner thread, restarting!
2024/10/12 (16:26:32) | ERROR: Stall in Runner thread, restarting!
2024/10/12 (16:26:37) | ERROR: Stall in Runner thread, restarting!
2024/10/12 (16:26:42) | ERROR: Stall in Runner thread, restarting!
2024/10/12 (16:26:48) | ERROR: Stall in Runner thread, restarting!
2024/10/12 (16:26:53) | ERROR: Stall in Runner thread, restarting!
2024/10/12 (16:26:58) | ERROR: Stall in Runner thread, restarting!
2024/10/12 (16:27:03) | ERROR: Stall in Runner thread, restarting!
2024/10/12 (16:27:08) | ERROR: Stall in Runner thread, restarting!
2024/10/12 (16:27:13) | ERROR: Stall in Runner thread, restarting!
2024/10/12 (16:27:18) | ERROR: Stall in Runner thread, restarting!
2024/10/12 (16:27:23) | ERROR: Stall in Runner thread, restarting!
2024/10/12 (16:27:28) | ERROR: Stall in Runner thread, restarting!
2024/10/12 (16:27:33) | ERROR: Stall in Runner thread, restarting!
2024/10/12 (16:27:39) | ERROR: Stall in Runner thread, restarting!
2024/10/12 (16:27:44) | ERROR: Stall in Runner thread, restarting!
2024/10/12 (16:27:49) | ERROR: Stall in Runner thread, restarting!
2024/10/12 (16:27:54) | ERROR: Stall in Runner thread, restarting!

2024/10/12 (16:31:28) | ===> btop++ v.1.4.0
2024/10/12 (16:31:28) | WARNING: NVML: Failed to get maximum GPU power draw, defaulting to 225W: Not Supported

2024/10/12 (21:23:30) | ===> btop++ v.1.4.0
2024/10/12 (21:23:30) | WARNING: NVML: Failed to get maximum GPU power draw, defaulting to 225W: Not Supported

2024/10/12 (22:26:29) | ===> btop++ v.1.4.0
2024/10/12 (22:26:29) | WARNING: NVML: Failed to get maximum GPU power draw, defaulting to 225W: Not Supported

2024/10/12 (22:27:53) | ===> btop++ v.1.4.0
2024/10/12 (22:27:53) | WARNING: NVML: Failed to get maximum GPU power draw, defaulting to 225W: Not Supported

2024/10/12 (22:38:46) | ===> btop++ v.1.4.0
2024/10/12 (22:38:46) | WARNING: NVML: Failed to get maximum GPU power draw, defaulting to 225W: Not Supported

2024/10/12 (22:47:26) | ===> btop++ v.1.4.0
2024/10/12 (22:47:26) | WARNING: NVML: Failed to get maximum GPU power draw, defaulting to 225W: Not Supported

2024/10/12 (22:59:39) | ===> btop++ v.1.4.0
2024/10/12 (22:59:39) | WARNING: NVML: Failed to get maximum GPU power draw, defaulting to 225W: Not Supported

2024/10/12 (23:00:31) | ===> btop++ v.1.4.0
2024/10/12 (23:00:31) | WARNING: NVML: Failed to get maximum GPU power draw, defaulting to 225W: Not Supported

2024/10/12 (23:01:56) | ===> btop++ v.1.4.0
2024/10/12 (23:01:56) | WARNING: NVML: Failed to get maximum GPU power draw, defaulting to 225W: Not Supported

2024/10/12 (23:07:52) | ===> btop++ v.1.4.0
2024/10/12 (23:07:52) | WARNING: NVML: Failed to get maximum GPU power draw, defaulting to 225W: Not Supported

2024/10/12 (23:19:39) | ===> btop++ v.1.4.0
2024/10/12 (23:19:39) | WARNING: NVML: Failed to get maximum GPU power draw, defaulting to 225W: Not Supported

2024/10/12 (23:36:17) | ===> btop++ v.1.4.0
2024/10/12 (23:36:17) | WARNING: NVML: Failed to get maximum GPU power draw, defaulting to 225W: Not Supported

2024/10/13 (01:51:42) | ===> btop++ v.1.4.0
2024/10/13 (01:51:42) | WARNING: NVML: Failed to get maximum GPU power draw, defaulting to 225W: Not Supported

2024/10/13 (11:55:08) | ===> btop++ v.1.4.0
2024/10/13 (11:55:08) | WARNING: NVML: Failed to get maximum GPU power draw, defaulting to 225W: Not Supported

2024/10/13 (17:20:49) | ===> btop++ v.1.4.0
2024/10/13 (17:20:49) | WARNING: NVML: Failed to get maximum GPU power draw, defaulting to 225W: Not Supported

2024/10/14 (18:00:07) | ===> btop++ v.1.4.0
2024/10/14 (18:00:07) | WARNING: NVML: Failed to get maximum GPU power draw, defaulting to 225W: Not Supported

2024/10/14 (19:53:09) | ===> btop++ v.1.4.0
2024/10/14 (19:53:09) | WARNING: NVML: Failed to get maximum GPU power draw, defaulting to 225W: Not Supported

2024/10/14 (19:54:46) | ===> btop++ v.1.4.0
2024/10/14 (19:54:46) | WARNING: NVML: Failed to get maximum GPU power draw, defaulting to 225W: Not Supported

2024/10/14 (19:55:17) | ===> btop++ v.1.4.0
2024/10/14 (19:55:17) | WARNING: NVML: Failed to get maximum GPU power draw, defaulting to 225W: Not Supported

2024/10/14 (20:19:57) | ===> btop++ v.1.4.0
2024/10/14 (20:19:57) | WARNING: NVML: Failed to get maximum GPU power draw, defaulting to 225W: Not Supported

2024/10/15 (16:40:51) | ===> btop++ v.1.4.0
2024/10/15 (16:40:51) | WARNING: NVML: Failed to get maximum GPU power draw, defaulting to 225W: Not Supported

2024/10/15 (16:43:18) | ===> btop++ v.1.4.0
2024/10/15 (16:43:18) | WARNING: NVML: Failed to get maximum GPU power draw, defaulting to 225W: Not Supported

2024/10/15 (17:41:13) | ===> btop++ v.1.4.0
2024/10/15 (17:41:13) | WARNING: NVML: Failed to get maximum GPU power draw, defaulting to 225W: Not Supported

2024/10/15 (19:46:12) | ===> btop++ v.1.4.0
2024/10/15 (19:46:12) | WARNING: NVML: Failed to get maximum GPU power draw, defaulting to 225W: Not Supported

2024/10/16 (17:06:07) | ===> btop++ v.1.4.0
2024/10/16 (17:06:07) | WARNING: NVML: Failed to get maximum GPU power draw, defaulting to 225W: Not Supported

2024/10/17 (15:05:54) | ===> btop++ v.1.4.0
2024/10/17 (15:05:54) | WARNING: NVML: Failed to get maximum GPU power draw, defaulting to 225W: Not Supported

2024/10/17 (19:46:49) | ===> btop++ v.1.4.0
2024/10/17 (19:46:49) | WARNING: NVML: Failed to get maximum GPU power draw, defaulting to 225W: Not Supported

2024/10/17 (19:53:34) | ===> btop++ v.1.4.0
2024/10/17 (19:53:34) | WARNING: NVML: Failed to get maximum GPU power draw, defaulting to 225W: Not Supported
2024/10/17 (20:57:51) | ERROR: Stall in Runner thread, restarting!
2024/10/17 (20:58:33) | ERROR: Stall in Runner thread, restarting!

2024/10/17 (22:33:43) | ===> btop++ v.1.4.0
2024/10/17 (22:33:43) | WARNING: NVML: Failed to get maximum GPU power draw, defaulting to 225W: Not Supported

2024/10/17 (22:34:06) | ===> btop++ v.1.4.0
2024/10/17 (22:34:06) | WARNING: NVML: Failed to get maximum GPU power draw, defaulting to 225W: Not Supported

2024/10/18 (15:49:04) | ===> btop++ v.1.4.0
2024/10/18 (15:49:04) | WARNING: NVML: Failed to get maximum GPU power draw, defaulting to 225W: Not Supported

2024/10/18 (17:25:42) | ===> btop++ v.1.4.0
2024/10/18 (17:25:42) | WARNING: NVML: Failed to get maximum GPU power draw, defaulting to 225W: Not Supported

2024/10/18 (22:10:58) | ===> btop++ v.1.4.0
2024/10/18 (22:10:58) | WARNING: NVML: Failed to get maximum GPU power draw, defaulting to 225W: Not Supported

2024/10/19 (13:16:52) | ===> btop++ v.1.4.0
2024/10/19 (13:16:52) | WARNING: NVML: Failed to get maximum GPU power draw, defaulting to 225W: Not Supported

2024/10/19 (19:15:44) | ===> btop++ v.1.4.0
2024/10/19 (19:15:44) | WARNING: NVML: Failed to get maximum GPU power draw, defaulting to 225W: Not Supported

2024/10/19 (21:59:42) | ===> btop++ v.1.4.0
2024/10/19 (21:59:42) | WARNING: NVML: Failed to get maximum GPU power draw, defaulting to 225W: Not Supported

2024/10/20 (12:29:05) | ===> btop++ v.1.4.0
2024/10/20 (12:29:05) | WARNING: NVML: Failed to get maximum GPU power draw, defaulting to 225W: Not Supported

2024/10/21 (17:02:05) | ===> btop++ v.1.4.0
2024/10/21 (17:02:05) | WARNING: NVML: Failed to get maximum GPU power draw, defaulting to 225W: Not Supported

2024/10/21 (17:32:26) | ===> btop++ v.1.4.0
2024/10/21 (17:32:26) | WARNING: NVML: Failed to get maximum GPU power draw, defaulting to 225W: Not Supported

2024/10/21 (19:34:27) | ===> btop++ v.1.4.0
2024/10/21 (19:34:27) | WARNING: NVML: Failed to get maximum GPU power draw, defaulting to 225W: Not Supported

2024/10/21 (20:57:22) | ===> btop++ v.1.4.0
2024/10/21 (20:57:22) | WARNING: NVML: Failed to get maximum GPU power draw, defaulting to 225W: Not Supported

2024/10/21 (23:08:03) | ===> btop++ v.1.4.0
2024/10/21 (23:08:03) | WARNING: NVML: Failed to get maximum GPU power draw, defaulting to 225W: Not Supported

2024/10/21 (23:10:11) | ===> btop++ v.1.4.0
2024/10/21 (23:10:11) | WARNING: NVML: Failed to get maximum GPU power draw, defaulting to 225W: Not Supported

2024/10/22 (02:32:52) | ===> btop++ v.1.4.0
2024/10/22 (02:32:52) | WARNING: NVML: Failed to get maximum GPU power draw, defaulting to 225W: Not Supported

2024/10/22 (12:48:38) | ===> btop++ v.1.4.0
2024/10/22 (12:48:38) | WARNING: NVML: Failed to get maximum GPU power draw, defaulting to 225W: Not Supported
2024/10/22 (13:45:11) | ERROR: Stall in Runner thread, restarting!

2024/10/22 (13:47:50) | ===> btop++ v.1.4.0
2024/10/22 (13:47:50) | WARNING: NVML: Failed to get maximum GPU power draw, defaulting to 225W: Not Supported
2024/10/22 (15:39:41) | ERROR: Stall in Runner thread, restarting!
2024/10/22 (20:33:36) | ERROR: Stall in Runner thread, restarting!

2024/10/22 (20:34:00) | ===> btop++ v.1.4.0
2024/10/22 (20:34:00) | WARNING: NVML: Failed to get maximum GPU power draw, defaulting to 225W: Not Supported

2024/10/22 (20:36:03) | ===> btop++ v.1.4.0
2024/10/22 (20:36:03) | WARNING: NVML: Failed to get maximum GPU power draw, defaulting to 225W: Not Supported

2024/10/22 (23:24:41) | ===> btop++ v.1.4.0
2024/10/22 (23:24:41) | WARNING: NVML: Failed to get maximum GPU power draw, defaulting to 225W: Not Supported

2024/10/23 (00:57:09) | ===> btop++ v.1.4.0
2024/10/23 (00:57:09) | WARNING: NVML: Failed to get maximum GPU power draw, defaulting to 225W: Not Supported

2024/10/23 (01:22:25) | ===> btop++ v.1.4.0
2024/10/23 (01:22:25) | WARNING: NVML: Failed to get maximum GPU power draw, defaulting to 225W: Not Supported

2024/10/23 (01:27:30) | ===> btop++ v.1.4.0
2024/10/23 (01:27:30) | WARNING: NVML: Failed to get maximum GPU power draw, defaulting to 225W: Not Supported

2024/10/23 (02:35:04) | ===> btop++ v.1.4.0
2024/10/23 (02:35:04) | WARNING: NVML: Failed to get maximum GPU power draw, defaulting to 225W: Not Supported

2024/10/23 (14:01:54) | ===> btop++ v.1.4.0
2024/10/23 (14:01:54) | WARNING: NVML: Failed to get maximum GPU power draw, defaulting to 225W: Not Supported

2024/10/23 (20:07:02) | ===> btop++ v.1.4.0
2024/10/23 (20:07:02) | WARNING: NVML: Failed to get maximum GPU power draw, defaulting to 225W: Not Supported

2024/10/23 (20:13:28) | ===> btop++ v.1.4.0
2024/10/23 (20:13:28) | WARNING: NVML: Failed to get maximum GPU power draw, defaulting to 225W: Not Supported

2024/10/23 (20:13:44) | ===> btop++ v.1.4.0
2024/10/23 (20:13:44) | WARNING: NVML: Failed to get maximum GPU power draw, defaulting to 225W: Not Supported
2024/10/23 (22:15:22) | ERROR: Stall in Runner thread, restarting!

2024/10/23 (22:39:28) | ===> btop++ v.1.4.0
2024/10/23 (22:39:28) | WARNING: NVML: Failed to get maximum GPU power draw, defaulting to 225W: Not Supported

2024/10/24 (13:17:56) | ===> btop++ v.1.4.0
2024/10/24 (13:17:56) | WARNING: NVML: Failed to get maximum GPU power draw, defaulting to 225W: Not Supported

2024/10/25 (01:37:53) | ===> btop++ v.1.4.0
2024/10/25 (01:37:53) | WARNING: NVML: Failed to get maximum GPU power draw, defaulting to 225W: Not Supported

2024/10/25 (02:38:33) | ===> btop++ v.1.4.0
2024/10/25 (02:38:33) | WARNING: NVML: Failed to get maximum GPU power draw, defaulting to 225W: Not Supported

2024/10/25 (15:47:25) | ===> btop++ v.1.4.0
2024/10/25 (15:47:25) | WARNING: Intel GPU: Failed to initialize PMU

2024/10/25 (16:06:26) | ===> btop++ v.1.4.0
2024/10/25 (16:06:26) | WARNING: NVML: Failed to get maximum GPU power draw, defaulting to 225W: Not Supported
2024/10/25 (16:06:26) | WARNING: Intel GPU: Failed to initialize PMU

2024/10/25 (19:22:25) | ===> btop++ v.1.4.0
2024/10/25 (19:22:25) | WARNING: NVML: Failed to get maximum GPU power draw, defaulting to 225W: Not Supported

2024/10/25 (16:25:48) | ===> btop++ v.1.4.0
2024/10/25 (16:25:48) | WARNING: NVML: Failed to get maximum GPU power draw, defaulting to 225W: Not Supported

2024/10/25 (16:26:56) | ===> btop++ v.1.4.0
2024/10/25 (16:26:56) | WARNING: NVML: Failed to get maximum GPU power draw, defaulting to 225W: Not Supported

2024/10/25 (16:29:30) | ===> btop++ v.1.4.0
2024/10/25 (16:29:30) | WARNING: NVML: Failed to get maximum GPU power draw, defaulting to 225W: Not Supported

2024/10/25 (16:29:46) | ===> btop++ v.1.4.0
2024/10/25 (16:29:46) | WARNING: NVML: Failed to get maximum GPU power draw, defaulting to 225W: Not Supported

2024/10/25 (16:29:48) | ===> btop++ v.1.4.0
2024/10/25 (16:29:48) | WARNING: NVML: Failed to get maximum GPU power draw, defaulting to 225W: Not Supported

2024/10/25 (16:49:20) | ===> btop++ v.1.4.0
2024/10/25 (16:49:20) | WARNING: NVML: Failed to get maximum GPU power draw, defaulting to 225W: Not Supported

2024/10/25 (17:09:09) | ===> btop++ v.1.4.0
2024/10/25 (17:09:09) | WARNING: NVML: Failed to get maximum GPU power draw, defaulting to 225W: Not Supported

2024/10/25 (21:25:18) | ===> btop++ v.1.4.0
2024/10/25 (21:25:18) | WARNING: NVML: Failed to get maximum GPU power draw, defaulting to 225W: Not Supported

2024/10/25 (21:26:28) | ===> btop++ v.1.4.0
2024/10/25 (21:26:28) | WARNING: NVML: Failed to get maximum GPU power draw, defaulting to 225W: Not Supported

2024/10/25 (21:28:39) | ===> btop++ v.1.4.0
2024/10/25 (21:28:39) | WARNING: NVML: Failed to get maximum GPU power draw, defaulting to 225W: Not Supported

2024/10/25 (21:37:52) | ===> btop++ v.1.4.0
2024/10/25 (21:37:52) | WARNING: NVML: Failed to get maximum GPU power draw, defaulting to 225W: Not Supported

2024/10/25 (21:40:04) | ===> btop++ v.1.4.0
2024/10/25 (21:40:04) | WARNING: NVML: Failed to get maximum GPU power draw, defaulting to 225W: Not Supported

2024/10/25 (22:24:34) | ===> btop++ v.1.4.0
2024/10/25 (22:24:34) | WARNING: NVML: Failed to get maximum GPU power draw, defaulting to 225W: Not Supported

2024/10/26 (00:18:30) | ===> btop++ v.1.4.0
2024/10/26 (00:18:30) | WARNING: NVML: Failed to get maximum GPU power draw, defaulting to 225W: Not Supported

2024/10/26 (02:03:02) | ===> btop++ v.1.4.0
2024/10/26 (02:03:02) | WARNING: NVML: Failed to get maximum GPU power draw, defaulting to 225W: Not Supported

2024/10/26 (14:24:56) | ===> btop++ v.1.4.0
2024/10/26 (14:24:56) | WARNING: NVML: Failed to get maximum GPU power draw, defaulting to 225W: Not Supported

2024/10/26 (15:07:34) | ===> btop++ v.1.4.0
2024/10/26 (15:07:34) | WARNING: NVML: Failed to get maximum GPU power draw, defaulting to 225W: Not Supported

2024/10/27 (14:11:26) | ===> btop++ v.1.4.0
2024/10/27 (14:11:26) | WARNING: NVML: Failed to get maximum GPU power draw, defaulting to 225W: Not Supported

2024/10/27 (20:40:17) | ===> btop++ v.1.4.0
2024/10/27 (20:40:17) | WARNING: NVML: Failed to get maximum GPU power draw, defaulting to 225W: Not Supported

2024/10/28 (15:05:02) | ===> btop++ v.1.4.0
2024/10/28 (15:05:02) | WARNING: NVML: Failed to get maximum GPU power draw, defaulting to 225W: Not Supported

2024/10/29 (16:30:34) | ===> btop++ v.1.4.0
2024/10/29 (16:30:34) | WARNING: NVML: Failed to get maximum GPU power draw, defaulting to 225W: Not Supported

2024/10/30 (15:45:07) | ===> btop++ v.1.4.0
2024/10/30 (15:45:07) | WARNING: NVML: Failed to get maximum GPU power draw, defaulting to 225W: Not Supported

2024/10/30 (17:45:32) | ===> btop++ v.1.4.0
2024/10/30 (17:45:32) | WARNING: NVML: Failed to get maximum GPU power draw, defaulting to 225W: Not Supported

2024/10/30 (20:29:48) | ===> btop++ v.1.4.0
2024/10/30 (20:29:48) | WARNING: NVML: Failed to get maximum GPU power draw, defaulting to 225W: Not Supported

2024/10/30 (20:31:33) | ===> btop++ v.1.4.0
2024/10/30 (20:31:33) | WARNING: NVML: Failed to get maximum GPU power draw, defaulting to 225W: Not Supported

2024/10/30 (20:31:50) | ===> btop++ v.1.4.0
2024/10/30 (20:31:50) | WARNING: NVML: Failed to get maximum GPU power draw, defaulting to 225W: Not Supported

2024/10/30 (20:32:39) | ===> btop++ v.1.4.0
2024/10/30 (20:32:39) | WARNING: NVML: Failed to get maximum GPU power draw, defaulting to 225W: Not Supported

2024/10/31 (16:04:19) | ===> btop++ v.1.4.0
2024/10/31 (16:04:19) | WARNING: NVML: Failed to get maximum GPU power draw, defaulting to 225W: Not Supported

2024/10/31 (21:52:43) | ===> btop++ v.1.4.0
2024/10/31 (21:52:43) | WARNING: NVML: Failed to get maximum GPU power draw, defaulting to 225W: Not Supported

2024/10/31 (21:54:44) | ===> btop++ v.1.4.0
2024/10/31 (21:54:44) | WARNING: NVML: Failed to get maximum GPU power draw, defaulting to 225W: Not Supported

2024/10/31 (21:55:45) | ===> btop++ v.1.4.0
2024/10/31 (21:55:45) | WARNING: NVML: Failed to get maximum GPU power draw, defaulting to 225W: Not Supported

2024/11/01 (17:03:47) | ===> btop++ v.1.4.0
2024/11/01 (17:03:47) | WARNING: NVML: Failed to get maximum GPU power draw, defaulting to 225W: Not Supported
2024/11/01 (22:15:50) | ERROR: Stall in Runner thread, restarting!
2024/11/01 (23:16:09) | ERROR: Runner thread died unexpectedly!

2024/11/01 (23:16:16) | ===> btop++ v.1.4.0
2024/11/01 (23:16:16) | WARNING: NVML: Failed to get maximum GPU power draw, defaulting to 225W: Not Supported

2024/11/02 (13:05:39) | ===> btop++ v.1.4.0
2024/11/02 (13:05:39) | WARNING: NVML: Failed to get maximum GPU power draw, defaulting to 225W: Not Supported

2024/11/02 (22:27:36) | ===> btop++ v.1.4.0
2024/11/02 (22:27:36) | WARNING: NVML: Failed to get maximum GPU power draw, defaulting to 225W: Not Supported

2024/11/02 (22:29:14) | ===> btop++ v.1.4.0
2024/11/02 (22:29:14) | WARNING: NVML: Failed to get maximum GPU power draw, defaulting to 225W: Not Supported
2024/11/03 (12:59:46) | ERROR: Stall in Runner thread, restarting!
2024/11/03 (13:00:32) | ERROR: Stall in Runner thread, restarting!
2024/11/03 (13:02:33) | ERROR: Stall in Runner thread, restarting!
2024/11/03 (13:42:09) | ERROR: Stall in Runner thread, restarting!
2024/11/03 (13:42:18) | ERROR: Runner thread died unexpectedly!

2024/11/03 (13:42:22) | ===> btop++ v.1.4.0
2024/11/03 (13:42:22) | WARNING: NVML: Failed to get maximum GPU power draw, defaulting to 225W: Not Supported
2024/11/03 (16:23:12) | ERROR: Stall in Runner thread, restarting!

2024/11/03 (20:24:07) | ===> btop++ v.1.4.0
2024/11/03 (20:24:07) | WARNING: NVML: Failed to get maximum GPU power draw, defaulting to 225W: Not Supported
2024/11/03 (20:45:03) | ERROR: Stall in Runner thread, restarting!
2024/11/03 (20:45:42) | ERROR: Stall in Runner thread, restarting!
2024/11/03 (20:45:47) | ERROR: Stall in Runner thread, restarting!
2024/11/03 (20:45:53) | ERROR: Stall in Runner thread, restarting!
2024/11/03 (20:45:58) | ERROR: Stall in Runner thread, restarting!
2024/11/03 (20:46:03) | ERROR: Stall in Runner thread, restarting!
2024/11/03 (20:46:08) | ERROR: Stall in Runner thread, restarting!
2024/11/03 (20:46:13) | ERROR: Stall in Runner thread, restarting!
2024/11/03 (20:46:18) | ERROR: Stall in Runner thread, restarting!
2024/11/03 (20:46:23) | ERROR: Stall in Runner thread, restarting!
2024/11/03 (20:46:28) | ERROR: Stall in Runner thread, restarting!
2024/11/03 (20:46:33) | ERROR: Stall in Runner thread, restarting!
2024/11/03 (20:46:38) | ERROR: Stall in Runner thread, restarting!

2024/11/03 (20:47:30) | ===> btop++ v.1.4.0
2024/11/03 (20:47:30) | WARNING: NVML: Failed to get maximum GPU power draw, defaulting to 225W: Not Supported

2024/11/03 (21:00:54) | ===> btop++ v.1.4.0
2024/11/03 (21:00:54) | WARNING: NVML: Failed to get maximum GPU power draw, defaulting to 225W: Not Supported

2024/11/03 (21:46:16) | ===> btop++ v.1.4.0
2024/11/03 (21:46:16) | WARNING: NVML: Failed to get maximum GPU power draw, defaulting to 225W: Not Supported

2024/11/04 (14:31:47) | ===> btop++ v.1.4.0
2024/11/04 (14:31:47) | WARNING: NVML: Failed to get maximum GPU power draw, defaulting to 225W: Not Supported

2024/11/04 (14:39:12) | ===> btop++ v.1.4.0
2024/11/04 (14:39:12) | WARNING: NVML: Failed to get maximum GPU power draw, defaulting to 225W: Not Supported
2024/11/04 (16:43:20) | ERROR: Stall in Runner thread, restarting!
2024/11/04 (16:43:25) | ERROR: Stall in Runner thread, restarting!
2024/11/04 (16:43:30) | ERROR: Stall in Runner thread, restarting!
2024/11/04 (16:43:35) | ERROR: Stall in Runner thread, restarting!
2024/11/04 (16:43:40) | ERROR: Stall in Runner thread, restarting!
2024/11/04 (16:43:45) | ERROR: Stall in Runner thread, restarting!
2024/11/04 (16:43:50) | ERROR: Stall in Runner thread, restarting!
2024/11/04 (16:43:55) | ERROR: Stall in Runner thread, restarting!
2024/11/04 (16:44:00) | ERROR: Stall in Runner thread, restarting!
2024/11/04 (16:44:05) | ERROR: Stall in Runner thread, restarting!
2024/11/04 (16:44:11) | ERROR: Stall in Runner thread, restarting!
2024/11/04 (16:44:16) | ERROR: Stall in Runner thread, restarting!
2024/11/04 (16:44:21) | ERROR: Stall in Runner thread, restarting!
2024/11/04 (16:44:27) | ERROR: Stall in Runner thread, restarting!
2024/11/04 (16:44:32) | ERROR: Stall in Runner thread, restarting!
2024/11/04 (16:44:37) | ERROR: Stall in Runner thread, restarting!
2024/11/04 (16:44:42) | ERROR: Stall in Runner thread, restarting!
2024/11/04 (16:44:47) | ERROR: Stall in Runner thread, restarting!
2024/11/04 (16:44:52) | ERROR: Stall in Runner thread, restarting!
2024/11/04 (16:44:58) | ERROR: Stall in Runner thread, restarting!

2024/11/04 (17:17:15) | ===> btop++ v.1.4.0
2024/11/04 (17:17:15) | WARNING: NVML: Failed to get maximum GPU power draw, defaulting to 225W: Not Supported

2024/11/04 (22:13:56) | ===> btop++ v.1.4.0
2024/11/04 (22:13:56) | WARNING: NVML: Failed to get maximum GPU power draw, defaulting to 225W: Not Supported

2024/11/05 (15:45:19) | ===> btop++ v.1.4.0
2024/11/05 (15:45:19) | WARNING: NVML: Failed to get maximum GPU power draw, defaulting to 225W: Not Supported

2024/11/05 (20:23:24) | ===> btop++ v.1.4.0
2024/11/05 (20:23:24) | WARNING: NVML: Failed to get maximum GPU power draw, defaulting to 225W: Not Supported

2024/11/06 (15:25:05) | ===> btop++ v.1.4.0
2024/11/06 (15:25:05) | WARNING: NVML: Failed to get maximum GPU power draw, defaulting to 225W: Not Supported

2024/11/06 (15:28:05) | ===> btop++ v.1.4.0
2024/11/06 (15:28:05) | WARNING: NVML: Failed to get maximum GPU power draw, defaulting to 225W: Not Supported

2024/11/06 (17:07:30) | ===> btop++ v.1.4.0
2024/11/06 (17:07:30) | WARNING: NVML: Failed to get maximum GPU power draw, defaulting to 225W: Not Supported

2024/11/06 (17:09:24) | ===> btop++ v.1.4.0
2024/11/06 (17:09:24) | WARNING: NVML: Failed to get maximum GPU power draw, defaulting to 225W: Not Supported

2024/11/07 (15:45:05) | ===> btop++ v.1.4.0
2024/11/07 (15:45:05) | WARNING: NVML: Failed to get maximum GPU power draw, defaulting to 225W: Not Supported

2024/11/07 (15:46:12) | ===> btop++ v.1.4.0
2024/11/07 (15:46:12) | WARNING: NVML: Failed to get maximum GPU power draw, defaulting to 225W: Not Supported

2024/11/07 (15:56:40) | ===> btop++ v.1.4.0
2024/11/07 (15:56:40) | WARNING: NVML: Failed to get maximum GPU power draw, defaulting to 225W: Not Supported

2024/11/07 (15:58:38) | ===> btop++ v.1.4.0
2024/11/07 (15:58:38) | WARNING: NVML: Failed to get maximum GPU power draw, defaulting to 225W: Not Supported

2024/11/07 (15:59:44) | ===> btop++ v.1.4.0
2024/11/07 (15:59:44) | WARNING: NVML: Failed to get maximum GPU power draw, defaulting to 225W: Not Supported

2024/11/07 (18:46:47) | ===> btop++ v.1.4.0
2024/11/07 (18:46:47) | WARNING: NVML: Failed to get maximum GPU power draw, defaulting to 225W: Not Supported

2024/11/07 (18:48:14) | ===> btop++ v.1.4.0
2024/11/07 (18:48:14) | WARNING: NVML: Failed to get maximum GPU power draw, defaulting to 225W: Not Supported

2024/11/07 (19:27:42) | ===> btop++ v.1.4.0
2024/11/07 (19:27:42) | WARNING: NVML: Failed to get maximum GPU power draw, defaulting to 225W: Not Supported
2024/11/07 (20:35:31) | ERROR: Stall in Runner thread, restarting!

2024/11/07 (21:07:10) | ===> btop++ v.1.4.0
2024/11/07 (21:07:10) | WARNING: NVML: Failed to get maximum GPU power draw, defaulting to 225W: Not Supported
2024/11/07 (21:07:10) | WARNING: Intel GPU: Failed to initialize PMU

2024/11/07 (21:17:51) | ===> btop++ v.1.4.0
2024/11/07 (21:17:51) | WARNING: NVML: Failed to get maximum GPU power draw, defaulting to 225W: Not Supported

2024/11/08 (13:47:59) | ===> btop++ v.1.4.0
2024/11/08 (13:47:59) | WARNING: NVML: Failed to get maximum GPU power draw, defaulting to 225W: Not Supported

2024/11/08 (14:12:15) | ===> btop++ v.1.4.0
2024/11/08 (14:12:15) | WARNING: NVML: Failed to get maximum GPU power draw, defaulting to 225W: Not Supported
2024/11/08 (18:00:28) | ERROR: Stall in Runner thread, restarting!
2024/11/08 (20:30:16) | ERROR: Runner thread died unexpectedly!

2024/11/08 (20:30:20) | ===> btop++ v.1.4.0
2024/11/08 (20:30:20) | WARNING: NVML: Failed to get maximum GPU power draw, defaulting to 225W: Not Supported
2024/11/08 (23:51:25) | ERROR: Stall in Runner thread, restarting!

2024/11/09 (00:59:29) | ===> btop++ v.1.4.0
2024/11/09 (00:59:29) | WARNING: NVML: Failed to get maximum GPU power draw, defaulting to 225W: Not Supported

2024/11/09 (16:36:20) | ===> btop++ v.1.4.0
2024/11/09 (16:36:20) | WARNING: NVML: Failed to get maximum GPU power draw, defaulting to 225W: Not Supported
2024/11/09 (20:01:52) | ERROR: Stall in Runner thread, restarting!

2024/11/10 (12:12:58) | ===> btop++ v.1.4.0
2024/11/10 (12:12:58) | WARNING: NVML: Failed to get maximum GPU power draw, defaulting to 225W: Not Supported

2024/11/10 (12:27:38) | ===> btop++ v.1.4.0
2024/11/10 (12:27:38) | WARNING: NVML: Failed to get maximum GPU power draw, defaulting to 225W: Not Supported

2024/11/10 (12:30:10) | ===> btop++ v.1.4.0
2024/11/10 (12:30:10) | WARNING: NVML: Failed to get maximum GPU power draw, defaulting to 225W: Not Supported

2024/11/10 (12:32:45) | ===> btop++ v.1.4.0
2024/11/10 (12:32:45) | WARNING: NVML: Failed to get maximum GPU power draw, defaulting to 225W: Not Supported

2024/11/10 (13:33:55) | ===> btop++ v.1.4.0
2024/11/10 (13:33:55) | WARNING: NVML: Failed to get maximum GPU power draw, defaulting to 225W: Not Supported

2024/11/10 (13:59:12) | ===> btop++ v.1.4.0
2024/11/10 (13:59:12) | WARNING: NVML: Failed to get maximum GPU power draw, defaulting to 225W: Not Supported
2024/11/10 (15:18:24) | ERROR: Stall in Runner thread, restarting!
2024/11/10 (15:18:38) | ERROR: Stall in Runner thread, restarting!
2024/11/10 (15:18:43) | ERROR: Stall in Runner thread, restarting!
2024/11/10 (15:18:48) | ERROR: Stall in Runner thread, restarting!
2024/11/10 (15:18:53) | ERROR: Stall in Runner thread, restarting!
2024/11/10 (15:18:58) | ERROR: Stall in Runner thread, restarting!
2024/11/10 (15:19:03) | ERROR: Stall in Runner thread, restarting!
2024/11/10 (15:19:09) | ERROR: Stall in Runner thread, restarting!
2024/11/10 (15:19:14) | ERROR: Stall in Runner thread, restarting!
2024/11/10 (15:19:19) | ERROR: Stall in Runner thread, restarting!
2024/11/10 (15:19:24) | ERROR: Stall in Runner thread, restarting!
2024/11/10 (15:19:29) | ERROR: Stall in Runner thread, restarting!
2024/11/10 (15:19:34) | ERROR: Stall in Runner thread, restarting!
2024/11/10 (15:19:39) | ERROR: Stall in Runner thread, restarting!
2024/11/10 (15:19:44) | ERROR: Stall in Runner thread, restarting!
2024/11/10 (15:19:49) | ERROR: Stall in Runner thread, restarting!
2024/11/10 (15:19:54) | ERROR: Stall in Runner thread, restarting!

2024/11/10 (17:05:14) | ===> btop++ v.1.4.0
2024/11/10 (17:05:14) | WARNING: NVML: Failed to get maximum GPU power draw, defaulting to 225W: Not Supported

2024/11/10 (18:14:37) | ===> btop++ v.1.4.0
2024/11/10 (18:14:37) | WARNING: NVML: Failed to get maximum GPU power draw, defaulting to 225W: Not Supported
2024/11/10 (20:01:11) | ERROR: Stall in Runner thread, restarting!

2024/11/11 (14:54:25) | ===> btop++ v.1.4.0
2024/11/11 (14:54:25) | WARNING: NVML: Failed to get maximum GPU power draw, defaulting to 225W: Not Supported

2024/11/11 (17:17:20) | ===> btop++ v.1.4.0
2024/11/11 (17:17:20) | WARNING: NVML: Failed to get maximum GPU power draw, defaulting to 225W: Not Supported

2024/11/11 (17:17:57) | ===> btop++ v.1.4.0
2024/11/11 (17:17:57) | WARNING: NVML: Failed to get maximum GPU power draw, defaulting to 225W: Not Supported

2024/11/11 (17:19:38) | ===> btop++ v.1.4.0
2024/11/11 (17:19:38) | WARNING: NVML: Failed to get maximum GPU power draw, defaulting to 225W: Not Supported

2024/11/11 (17:30:53) | ===> btop++ v.1.4.0
2024/11/11 (17:30:53) | WARNING: NVML: Failed to get maximum GPU power draw, defaulting to 225W: Not Supported

2024/11/11 (17:42:59) | ===> btop++ v.1.4.0
2024/11/11 (17:42:59) | WARNING: NVML: Failed to get maximum GPU power draw, defaulting to 225W: Not Supported

2024/11/12 (16:31:50) | ===> btop++ v.1.4.0
2024/11/12 (16:31:50) | WARNING: NVML: Failed to get maximum GPU power draw, defaulting to 225W: Not Supported
2024/11/12 (19:22:27) | ERROR: Stall in Runner thread, restarting!
2024/11/12 (19:24:32) | ERROR: Stall in Runner thread, restarting!
2024/11/12 (20:18:51) | ERROR: Runner thread died unexpectedly!

2024/11/12 (20:18:54) | ===> btop++ v.1.4.0
2024/11/12 (20:18:54) | WARNING: NVML: Failed to get maximum GPU power draw, defaulting to 225W: Not Supported

2024/11/12 (22:36:43) | ===> btop++ v.1.4.0
2024/11/12 (22:36:43) | WARNING: NVML: Failed to get maximum GPU power draw, defaulting to 225W: Not Supported

2024/11/12 (22:37:14) | ===> btop++ v.1.4.0
2024/11/12 (22:37:14) | WARNING: NVML: Failed to get maximum GPU power draw, defaulting to 225W: Not Supported

2024/11/12 (22:37:35) | ===> btop++ v.1.4.0
2024/11/12 (22:37:35) | WARNING: NVML: Failed to get maximum GPU power draw, defaulting to 225W: Not Supported

2024/11/12 (22:38:26) | ===> btop++ v.1.4.0
2024/11/12 (22:38:26) | WARNING: NVML: Failed to get maximum GPU power draw, defaulting to 225W: Not Supported

2024/11/12 (22:38:43) | ===> btop++ v.1.4.0
2024/11/12 (22:38:43) | WARNING: NVML: Failed to get maximum GPU power draw, defaulting to 225W: Not Supported

2024/11/12 (22:39:35) | ===> btop++ v.1.4.0
2024/11/12 (22:39:35) | WARNING: NVML: Failed to get maximum GPU power draw, defaulting to 225W: Not Supported

2024/11/12 (22:39:45) | ===> btop++ v.1.4.0
2024/11/12 (22:39:45) | WARNING: NVML: Failed to get maximum GPU power draw, defaulting to 225W: Not Supported
2024/11/13 (15:28:27) | ERROR: Stall in Runner thread, restarting!
2024/11/13 (15:34:44) | ERROR: Runner thread died unexpectedly!

2024/11/13 (15:34:48) | ===> btop++ v.1.4.0
2024/11/13 (15:34:48) | WARNING: NVML: Failed to get maximum GPU power draw, defaulting to 225W: Not Supported
2024/11/13 (16:28:28) | ERROR: Stall in Runner thread, restarting!
2024/11/13 (16:28:57) | ERROR: Stall in Runner thread, restarting!
2024/11/14 (15:09:31) | ERROR: Stall in Runner thread, restarting!
2024/11/14 (17:31:42) | ERROR: Runner thread died unexpectedly!

2024/11/14 (17:31:47) | ===> btop++ v.1.4.0
2024/11/14 (17:31:47) | WARNING: NVML: Failed to get maximum GPU power draw, defaulting to 225W: Not Supported

2024/11/14 (18:18:08) | ===> btop++ v.1.4.0
2024/11/14 (18:18:08) | WARNING: NVML: Failed to get maximum GPU power draw, defaulting to 225W: Not Supported
2024/11/15 (15:18:29) | ERROR: Stall in Runner thread, restarting!
2024/11/15 (16:55:42) | ERROR: Stall in Runner thread, restarting!
2024/11/15 (16:56:19) | ERROR: Stall in Runner thread, restarting!

2024/11/16 (09:39:03) | ===> btop++ v.1.4.0
2024/11/16 (09:39:03) | WARNING: NVML: Failed to get maximum GPU power draw, defaulting to 225W: Not Supported
2024/11/16 (15:55:54) | ERROR: Stall in Runner thread, restarting!
2024/11/16 (15:57:58) | ERROR: Stall in Runner thread, restarting!

2024/11/16 (16:22:35) | ===> btop++ v.1.4.0
2024/11/16 (16:22:35) | WARNING: NVML: Failed to get maximum GPU power draw, defaulting to 225W: Not Supported
2024/11/16 (18:22:49) | ERROR: Stall in Runner thread, restarting!

2024/11/16 (19:35:47) | ===> btop++ v.1.4.0
2024/11/16 (19:35:47) | WARNING: NVML: Failed to get maximum GPU power draw, defaulting to 225W: Not Supported

2024/11/16 (21:06:34) | ===> btop++ v.1.4.0
2024/11/16 (21:06:34) | WARNING: NVML: Failed to get maximum GPU power draw, defaulting to 225W: Not Supported

2024/11/16 (22:05:45) | ===> btop++ v.1.4.0
2024/11/16 (22:05:45) | WARNING: NVML: Failed to get maximum GPU power draw, defaulting to 225W: Not Supported

2024/11/16 (22:05:53) | ===> btop++ v.1.4.0
2024/11/16 (22:05:53) | WARNING: NVML: Failed to get maximum GPU power draw, defaulting to 225W: Not Supported

2024/11/16 (23:44:31) | ===> btop++ v.1.4.0
2024/11/16 (23:44:31) | WARNING: NVML: Failed to get maximum GPU power draw, defaulting to 225W: Not Supported

2024/11/16 (23:45:15) | ===> btop++ v.1.4.0
2024/11/16 (23:45:15) | WARNING: NVML: Failed to get maximum GPU power draw, defaulting to 225W: Not Supported

2024/11/16 (23:46:29) | ===> btop++ v.1.4.0
2024/11/16 (23:46:29) | WARNING: NVML: Failed to get maximum GPU power draw, defaulting to 225W: Not Supported

2024/11/16 (23:46:47) | ===> btop++ v.1.4.0
2024/11/16 (23:46:47) | WARNING: NVML: Failed to get maximum GPU power draw, defaulting to 225W: Not Supported

2024/11/16 (23:47:42) | ===> btop++ v.1.4.0
2024/11/16 (23:47:42) | WARNING: NVML: Failed to get maximum GPU power draw, defaulting to 225W: Not Supported

2024/11/16 (23:52:45) | ===> btop++ v.1.4.0
2024/11/16 (23:52:45) | WARNING: NVML: Failed to get maximum GPU power draw, defaulting to 225W: Not Supported
2024/11/16 (23:52:45) | WARNING: Intel GPU: Failed to initialize PMU

2024/11/17 (00:00:43) | ===> btop++ v.1.4.0
2024/11/17 (00:00:43) | WARNING: NVML: Failed to get maximum GPU power draw, defaulting to 225W: Not Supported

2024/11/17 (00:01:18) | ===> btop++ v.1.4.0
2024/11/17 (00:01:18) | WARNING: NVML: Failed to get maximum GPU power draw, defaulting to 225W: Not Supported

2024/11/17 (00:05:05) | ===> btop++ v.1.4.0
2024/11/17 (00:05:05) | WARNING: NVML: Failed to get maximum GPU power draw, defaulting to 225W: Not Supported

2024/11/17 (00:10:53) | ===> btop++ v.1.4.0
2024/11/17 (00:10:53) | WARNING: NVML: Failed to get maximum GPU power draw, defaulting to 225W: Not Supported

2024/11/17 (00:17:31) | ===> btop++ v.1.4.0
2024/11/17 (00:17:31) | WARNING: NVML: Failed to get maximum GPU power draw, defaulting to 225W: Not Supported

2024/11/17 (00:17:33) | ===> btop++ v.1.4.0
2024/11/17 (00:17:33) | WARNING: NVML: Failed to get maximum GPU power draw, defaulting to 225W: Not Supported

2024/11/17 (00:21:05) | ===> btop++ v.1.4.0
2024/11/17 (00:21:05) | WARNING: NVML: Failed to get maximum GPU power draw, defaulting to 225W: Not Supported

2024/11/17 (00:21:07) | ===> btop++ v.1.4.0
2024/11/17 (00:21:07) | WARNING: NVML: Failed to get maximum GPU power draw, defaulting to 225W: Not Supported
2024/11/17 (11:46:00) | ERROR: Stall in Runner thread, restarting!

2024/11/17 (12:15:34) | ===> btop++ v.1.4.0
2024/11/17 (12:15:34) | WARNING: NVML: Failed to get maximum GPU power draw, defaulting to 225W: Not Supported

2024/11/17 (12:49:47) | ===> btop++ v.1.4.0
2024/11/17 (12:49:47) | WARNING: NVML: Failed to get maximum GPU power draw, defaulting to 225W: Not Supported
2024/11/17 (16:04:20) | ERROR: Stall in Runner thread, restarting!
2024/11/17 (20:34:45) | ERROR: Stall in Runner thread, restarting!
2024/11/17 (22:50:59) | ERROR: Stall in Runner thread, restarting!

2024/11/17 (22:52:00) | ===> btop++ v.1.4.0
2024/11/17 (22:52:00) | WARNING: NVML: Failed to get maximum GPU power draw, defaulting to 225W: Not Supported

2024/11/18 (13:11:00) | ===> btop++ v.1.4.0
2024/11/18 (13:11:00) | WARNING: NVML: Failed to get maximum GPU power draw, defaulting to 225W: Not Supported
2024/11/18 (17:08:14) | ERROR: Stall in Runner thread, restarting!
2024/11/18 (20:17:27) | ERROR: Stall in Runner thread, restarting!

2024/11/18 (20:50:44) | ===> btop++ v.1.4.0
2024/11/18 (20:50:44) | WARNING: NVML: Failed to get maximum GPU power draw, defaulting to 225W: Not Supported
2024/11/18 (22:21:54) | ERROR: Stall in Runner thread, restarting!

2024/11/19 (15:38:27) | ===> btop++ v.1.4.0
2024/11/19 (15:38:27) | WARNING: NVML: Failed to get maximum GPU power draw, defaulting to 225W: Not Supported

2024/11/19 (19:52:27) | ===> btop++ v.1.4.0
2024/11/19 (19:52:27) | WARNING: NVML: Failed to get maximum GPU power draw, defaulting to 225W: Not Supported

2024/11/19 (22:04:41) | ===> btop++ v.1.4.0
2024/11/19 (22:04:41) | WARNING: NVML: Failed to get maximum GPU power draw, defaulting to 225W: Not Supported

2024/11/19 (22:05:10) | ===> btop++ v.1.4.0
2024/11/19 (22:05:10) | WARNING: NVML: Failed to get maximum GPU power draw, defaulting to 225W: Not Supported

2024/11/20 (13:26:46) | ===> btop++ v.1.4.0
2024/11/20 (13:26:46) | WARNING: NVML: Failed to get maximum GPU power draw, defaulting to 225W: Not Supported

2024/11/20 (17:21:51) | ===> btop++ v.1.4.0
2024/11/20 (17:21:51) | WARNING: NVML: Failed to get maximum GPU power draw, defaulting to 225W: Not Supported

2024/11/20 (19:31:12) | ===> btop++ v.1.4.0
2024/11/20 (19:31:12) | WARNING: NVML: Failed to get maximum GPU power draw, defaulting to 225W: Not Supported

2024/11/20 (19:38:34) | ===> btop++ v.1.4.0
2024/11/20 (19:38:34) | WARNING: NVML: Failed to get maximum GPU power draw, defaulting to 225W: Not Supported

2024/11/20 (20:15:10) | ===> btop++ v.1.4.0
2024/11/20 (20:15:10) | WARNING: NVML: Failed to get maximum GPU power draw, defaulting to 225W: Not Supported

2024/11/20 (20:20:05) | ===> btop++ v.1.4.0
2024/11/20 (20:20:05) | WARNING: NVML: Failed to get maximum GPU power draw, defaulting to 225W: Not Supported

2024/11/20 (22:27:25) | ===> btop++ v.1.4.0
2024/11/20 (22:27:25) | WARNING: NVML: Failed to get maximum GPU power draw, defaulting to 225W: Not Supported
2024/11/20 (22:27:25) | WARNING: Intel GPU: Failed to initialize PMU

2024/11/20 (22:28:53) | ===> btop++ v.1.4.0
2024/11/20 (22:28:53) | WARNING: Intel GPU: Failed to initialize PMU

2024/11/20 (22:35:36) | ===> btop++ v.1.4.0
2024/11/20 (22:35:36) | WARNING: Intel GPU: Failed to initialize PMU

2024/11/20 (22:36:26) | ===> btop++ v.1.4.0
2024/11/20 (22:36:26) | WARNING: NVML: Failed to get maximum GPU power draw, defaulting to 225W: Not Supported
2024/11/20 (22:36:26) | WARNING: Intel GPU: Failed to initialize PMU

2024/11/20 (22:37:24) | ===> btop++ v.1.4.0
2024/11/20 (22:37:24) | WARNING: Intel GPU: Failed to initialize PMU

2024/11/20 (22:47:41) | ===> btop++ v.1.4.0
2024/11/20 (22:47:41) | WARNING: NVML: Failed to get maximum GPU power draw, defaulting to 225W: Not Supported

2024/11/21 (14:41:19) | ===> btop++ v.1.4.0
2024/11/21 (14:41:19) | WARNING: NVML: Failed to get maximum GPU power draw, defaulting to 225W: Not Supported

2024/11/21 (14:45:06) | ===> btop++ v.1.4.0
2024/11/21 (14:45:06) | WARNING: NVML: Failed to get maximum GPU power draw, defaulting to 225W: Not Supported

2024/11/21 (14:45:26) | ===> btop++ v.1.4.0
2024/11/21 (14:45:26) | WARNING: NVML: Failed to get maximum GPU power draw, defaulting to 225W: Not Supported

2024/11/21 (14:46:36) | ===> btop++ v.1.4.0
2024/11/21 (14:46:36) | WARNING: NVML: Failed to get maximum GPU power draw, defaulting to 225W: Not Supported

2024/11/21 (14:47:30) | ===> btop++ v.1.4.0
2024/11/21 (14:47:30) | WARNING: NVML: Failed to get maximum GPU power draw, defaulting to 225W: Not Supported

2024/11/21 (14:49:04) | ===> btop++ v.1.4.0
2024/11/21 (14:49:04) | WARNING: NVML: Failed to get maximum GPU power draw, defaulting to 225W: Not Supported

2024/11/21 (14:50:02) | ===> btop++ v.1.4.0
2024/11/21 (14:50:02) | WARNING: NVML: Failed to get maximum GPU power draw, defaulting to 225W: Not Supported

2024/11/21 (20:23:57) | ===> btop++ v.1.4.0
2024/11/21 (20:23:57) | WARNING: NVML: Failed to get maximum GPU power draw, defaulting to 225W: Not Supported

2024/11/22 (14:59:12) | ===> btop++ v.1.4.0
2024/11/22 (14:59:12) | WARNING: NVML: Failed to get maximum GPU power draw, defaulting to 225W: Not Supported

2024/11/22 (19:35:34) | ===> btop++ v.1.4.0
2024/11/22 (19:35:34) | WARNING: NVML: Failed to get maximum GPU power draw, defaulting to 225W: Not Supported

2024/11/22 (19:36:49) | ===> btop++ v.1.4.0
2024/11/22 (19:36:49) | WARNING: NVML: Failed to get maximum GPU power draw, defaulting to 225W: Not Supported

2024/11/22 (21:37:43) | ===> btop++ v.1.4.0
2024/11/22 (21:37:43) | WARNING: NVML: Failed to get maximum GPU power draw, defaulting to 225W: Not Supported
2024/11/22 (23:11:23) | ERROR: Stall in Runner thread, restarting!

2024/11/22 (23:26:14) | ===> btop++ v.1.4.0
2024/11/22 (23:26:14) | WARNING: NVML: Failed to get maximum GPU power draw, defaulting to 225W: Not Supported

2024/11/23 (10:57:07) | ===> btop++ v.1.4.0
2024/11/23 (10:57:07) | WARNING: NVML: Failed to get maximum GPU power draw, defaulting to 225W: Not Supported

2024/11/23 (15:38:03) | ===> btop++ v.1.4.0
2024/11/23 (15:38:03) | WARNING: NVML: Failed to get maximum GPU power draw, defaulting to 225W: Not Supported

2024/11/23 (15:38:07) | ===> btop++ v.1.4.0
2024/11/23 (15:38:07) | WARNING: NVML: Failed to get maximum GPU power draw, defaulting to 225W: Not Supported

2024/11/23 (15:39:03) | ===> btop++ v.1.4.0
2024/11/23 (15:39:03) | WARNING: NVML: Failed to get maximum GPU power draw, defaulting to 225W: Not Supported

2024/11/23 (15:40:27) | ===> btop++ v.1.4.0
2024/11/23 (15:40:27) | WARNING: NVML: Failed to get maximum GPU power draw, defaulting to 225W: Not Supported

2024/11/23 (17:30:36) | ===> btop++ v.1.4.0
2024/11/23 (17:30:36) | WARNING: NVML: Failed to get maximum GPU power draw, defaulting to 225W: Not Supported

2024/11/23 (18:59:50) | ===> btop++ v.1.4.0
2024/11/23 (18:59:50) | WARNING: NVML: Failed to get maximum GPU power draw, defaulting to 225W: Not Supported

2024/11/23 (18:59:57) | ===> btop++ v.1.4.0
2024/11/23 (18:59:57) | WARNING: NVML: Failed to get maximum GPU power draw, defaulting to 225W: Not Supported

2024/11/23 (21:16:34) | ===> btop++ v.1.4.0
2024/11/23 (21:16:34) | WARNING: NVML: Failed to get maximum GPU power draw, defaulting to 225W: Not Supported

2024/11/24 (13:03:32) | ===> btop++ v.1.4.0
2024/11/24 (13:03:32) | WARNING: NVML: Failed to get maximum GPU power draw, defaulting to 225W: Not Supported

2024/11/24 (20:39:48) | ===> btop++ v.1.4.0
2024/11/24 (20:39:48) | WARNING: NVML: Failed to get maximum GPU power draw, defaulting to 225W: Not Supported

2024/11/24 (21:41:06) | ===> btop++ v.1.4.0
2024/11/24 (21:41:06) | WARNING: NVML: Failed to get maximum GPU power draw, defaulting to 225W: Not Supported

2024/11/24 (21:44:22) | ===> btop++ v.1.4.0
2024/11/24 (21:44:22) | WARNING: NVML: Failed to get maximum GPU power draw, defaulting to 225W: Not Supported

2024/11/25 (15:31:07) | ===> btop++ v.1.4.0
2024/11/25 (15:31:07) | WARNING: NVML: Failed to get maximum GPU power draw, defaulting to 225W: Not Supported
2024/11/25 (18:00:39) | ERROR: Stall in Runner thread, restarting!
2024/11/25 (19:23:50) | ERROR: Stall in Runner thread, restarting!
2024/11/25 (23:38:34) | ERROR: Stall in Runner thread, restarting!

2024/11/26 (11:19:07) | ===> btop++ v.1.4.0
2024/11/26 (11:19:07) | WARNING: NVML: Failed to get maximum GPU power draw, defaulting to 225W: Not Supported
                                                                                                                                      
2024/11/26 (15:00:50) | ===> btop++ v.1.4.0
2024/11/26 (15:00:50) | WARNING: NVML: Failed to get maximum GPU power draw, defaulting to 225W: Not Supported
2024/11/26 (20:01:40) | ERROR: Stall in Runner thread, restarting!

2024/11/27 (13:58:26) | ===> btop++ v.1.4.0
2024/11/27 (13:58:26) | WARNING: NVML: Failed to get maximum GPU power draw, defaulting to 225W: Not Supported

2024/11/28 (15:35:26) | ===> btop++ v.1.4.0
2024/11/28 (15:35:26) | WARNING: NVML: Failed to get maximum GPU power draw, defaulting to 225W: Not Supported
2024/11/28 (20:08:24) | ERROR: Stall in Runner thread, restarting!

2024/11/29 (16:04:42) | ===> btop++ v.1.4.0
2024/11/29 (16:04:42) | WARNING: NVML: Failed to get maximum GPU power draw, defaulting to 225W: Not Supported

2024/11/29 (23:41:20) | ===> btop++ v.1.4.0
2024/11/29 (23:41:20) | WARNING: NVML: Failed to get maximum GPU power draw, defaulting to 225W: Not Supported

2024/11/30 (12:33:58) | ===> btop++ v.1.4.0
2024/11/30 (12:33:58) | WARNING: NVML: Failed to get maximum GPU power draw, defaulting to 225W: Not Supported

2024/11/30 (13:28:58) | ===> btop++ v.1.4.0
2024/11/30 (13:28:58) | WARNING: NVML: Failed to get maximum GPU power draw, defaulting to 225W: Not Supported
2024/11/30 (16:11:08) | ERROR: Stall in Runner thread, restarting!
2024/11/30 (17:52:22) | ERROR: Stall in Runner thread, restarting!

2024/11/30 (21:10:29) | ===> btop++ v.1.4.0
2024/11/30 (21:10:29) | WARNING: NVML: Failed to get maximum GPU power draw, defaulting to 225W: Not Supported

2024/12/01 (11:55:18) | ===> btop++ v.1.4.0
2024/12/01 (11:55:18) | WARNING: NVML: Failed to get maximum GPU power draw, defaulting to 225W: Not Supported
2024/12/01 (14:51:03) | ERROR: Stall in Runner thread, restarting!
2024/12/01 (14:51:08) | ERROR: Stall in Runner thread, restarting!
2024/12/01 (14:51:13) | ERROR: Stall in Runner thread, restarting!
2024/12/01 (14:51:18) | ERROR: Stall in Runner thread, restarting!
2024/12/01 (14:51:23) | ERROR: Stall in Runner thread, restarting!
2024/12/01 (14:51:28) | ERROR: Stall in Runner thread, restarting!
2024/12/01 (14:51:33) | ERROR: Stall in Runner thread, restarting!
2024/12/01 (14:51:38) | ERROR: Stall in Runner thread, restarting!
2024/12/01 (14:51:44) | ERROR: Stall in Runner thread, restarting!
2024/12/01 (14:51:49) | ERROR: Stall in Runner thread, restarting!
2024/12/01 (14:51:54) | ERROR: Stall in Runner thread, restarting!
2024/12/01 (14:51:59) | ERROR: Stall in Runner thread, restarting!
2024/12/01 (14:52:04) | ERROR: Stall in Runner thread, restarting!
2024/12/01 (14:52:09) | ERROR: Stall in Runner thread, restarting!
2024/12/01 (14:52:14) | ERROR: Stall in Runner thread, restarting!
2024/12/01 (14:52:19) | ERROR: Stall in Runner thread, restarting!
2024/12/01 (14:52:24) | ERROR: Stall in Runner thread, restarting!
2024/12/01 (14:52:30) | ERROR: Stall in Runner thread, restarting!
2024/12/01 (14:52:35) | ERROR: Stall in Runner thread, restarting!
2024/12/01 (14:52:40) | ERROR: Stall in Runner thread, restarting!
2024/12/01 (14:52:45) | ERROR: Stall in Runner thread, restarting!
2024/12/01 (14:52:50) | ERROR: Stall in Runner thread, restarting!
2024/12/01 (14:52:55) | ERROR: Stall in Runner thread, restarting!
2024/12/01 (14:53:00) | ERROR: Stall in Runner thread, restarting!
2024/12/01 (14:53:05) | ERROR: Stall in Runner thread, restarting!
2024/12/01 (14:53:10) | ERROR: Stall in Runner thread, restarting!
2024/12/01 (14:53:16) | ERROR: Stall in Runner thread, restarting!
2024/12/01 (14:53:21) | ERROR: Stall in Runner thread, restarting!
2024/12/01 (14:53:26) | ERROR: Stall in Runner thread, restarting!
2024/12/01 (14:53:31) | ERROR: Stall in Runner thread, restarting!
2024/12/01 (14:53:36) | ERROR: Stall in Runner thread, restarting!
2024/12/01 (14:53:41) | ERROR: Stall in Runner thread, restarting!
2024/12/01 (14:53:46) | ERROR: Stall in Runner thread, restarting!
2024/12/01 (14:53:51) | ERROR: Stall in Runner thread, restarting!
2024/12/01 (14:53:56) | ERROR: Stall in Runner thread, restarting!
2024/12/01 (14:54:02) | ERROR: Stall in Runner thread, restarting!
2024/12/01 (14:54:07) | ERROR: Stall in Runner thread, restarting!
2024/12/01 (14:54:12) | ERROR: Stall in Runner thread, restarting!
2024/12/01 (14:54:17) | ERROR: Stall in Runner thread, restarting!
2024/12/01 (14:54:22) | ERROR: Stall in Runner thread, restarting!
2024/12/01 (14:54:27) | ERROR: Stall in Runner thread, restarting!
2024/12/01 (14:54:32) | ERROR: Stall in Runner thread, restarting!
2024/12/01 (14:54:37) | ERROR: Stall in Runner thread, restarting!
2024/12/01 (14:54:42) | ERROR: Stall in Runner thread, restarting!
2024/12/01 (14:54:48) | ERROR: Stall in Runner thread, restarting!
2024/12/01 (14:54:53) | ERROR: Stall in Runner thread, restarting!
2024/12/01 (14:54:58) | ERROR: Stall in Runner thread, restarting!
2024/12/01 (14:55:03) | ERROR: Stall in Runner thread, restarting!
2024/12/01 (14:55:08) | ERROR: Stall in Runner thread, restarting!
2024/12/01 (14:55:13) | ERROR: Stall in Runner thread, restarting!
2024/12/01 (14:55:18) | ERROR: Stall in Runner thread, restarting!
2024/12/01 (14:55:23) | ERROR: Stall in Runner thread, restarting!
2024/12/01 (14:55:28) | ERROR: Stall in Runner thread, restarting!
2024/12/01 (14:55:34) | ERROR: Stall in Runner thread, restarting!
2024/12/01 (14:55:39) | ERROR: Stall in Runner thread, restarting!
2024/12/01 (14:55:44) | ERROR: Stall in Runner thread, restarting!
2024/12/01 (14:55:49) | ERROR: Stall in Runner thread, restarting!
2024/12/01 (14:55:54) | ERROR: Stall in Runner thread, restarting!
2024/12/01 (14:55:59) | ERROR: Stall in Runner thread, restarting!
2024/12/01 (14:56:04) | ERROR: Stall in Runner thread, restarting!
2024/12/01 (14:56:09) | ERROR: Stall in Runner thread, restarting!
2024/12/01 (14:56:14) | ERROR: Stall in Runner thread, restarting!
2024/12/01 (14:56:20) | ERROR: Stall in Runner thread, restarting!
2024/12/01 (14:56:25) | ERROR: Stall in Runner thread, restarting!
2024/12/01 (14:56:30) | ERROR: Stall in Runner thread, restarting!
2024/12/01 (14:56:35) | ERROR: Stall in Runner thread, restarting!
2024/12/01 (14:56:40) | ERROR: Stall in Runner thread, restarting!
2024/12/01 (14:56:45) | ERROR: Stall in Runner thread, restarting!
2024/12/01 (14:56:50) | ERROR: Stall in Runner thread, restarting!
2024/12/01 (14:56:55) | ERROR: Stall in Runner thread, restarting!
2024/12/01 (14:57:00) | ERROR: Stall in Runner thread, restarting!
2024/12/01 (14:57:06) | ERROR: Stall in Runner thread, restarting!
2024/12/01 (14:57:11) | ERROR: Stall in Runner thread, restarting!
2024/12/01 (14:57:16) | ERROR: Stall in Runner thread, restarting!
2024/12/01 (14:57:21) | ERROR: Stall in Runner thread, restarting!
2024/12/01 (14:57:26) | ERROR: Stall in Runner thread, restarting!
2024/12/01 (14:57:31) | ERROR: Stall in Runner thread, restarting!
2024/12/01 (14:57:36) | ERROR: Stall in Runner thread, restarting!
2024/12/01 (14:57:41) | ERROR: Stall in Runner thread, restarting!
2024/12/01 (14:57:46) | ERROR: Stall in Runner thread, restarting!
2024/12/01 (14:57:52) | ERROR: Stall in Runner thread, restarting!
2024/12/01 (14:57:57) | ERROR: Stall in Runner thread, restarting!
2024/12/01 (14:58:02) | ERROR: Stall in Runner thread, restarting!
2024/12/01 (14:58:07) | ERROR: Stall in Runner thread, restarting!
2024/12/01 (14:58:12) | ERROR: Stall in Runner thread, restarting!
2024/12/01 (14:58:17) | ERROR: Stall in Runner thread, restarting!
2024/12/01 (14:58:22) | ERROR: Stall in Runner thread, restarting!
2024/12/01 (14:58:27) | ERROR: Stall in Runner thread, restarting!
2024/12/01 (14:58:32) | ERROR: Stall in Runner thread, restarting!
2024/12/01 (14:58:38) | ERROR: Stall in Runner thread, restarting!
2024/12/01 (14:58:43) | ERROR: Stall in Runner thread, restarting!
2024/12/01 (14:58:48) | ERROR: Stall in Runner thread, restarting!
2024/12/01 (14:58:53) | ERROR: Stall in Runner thread, restarting!
2024/12/01 (14:58:58) | ERROR: Stall in Runner thread, restarting!
2024/12/01 (14:59:03) | ERROR: Stall in Runner thread, restarting!
2024/12/01 (14:59:08) | ERROR: Stall in Runner thread, restarting!
2024/12/01 (14:59:13) | ERROR: Stall in Runner thread, restarting!
2024/12/01 (14:59:18) | ERROR: Stall in Runner thread, restarting!
2024/12/01 (14:59:24) | ERROR: Stall in Runner thread, restarting!
2024/12/01 (14:59:29) | ERROR: Stall in Runner thread, restarting!
2024/12/01 (14:59:34) | ERROR: Stall in Runner thread, restarting!
2024/12/01 (14:59:39) | ERROR: Stall in Runner thread, restarting!
2024/12/01 (14:59:44) | ERROR: Stall in Runner thread, restarting!
2024/12/01 (14:59:49) | ERROR: Stall in Runner thread, restarting!
2024/12/01 (14:59:54) | ERROR: Stall in Runner thread, restarting!
2024/12/01 (14:59:59) | ERROR: Stall in Runner thread, restarting!
2024/12/01 (15:00:05) | ERROR: Stall in Runner thread, restarting!
2024/12/01 (15:00:10) | ERROR: Stall in Runner thread, restarting!
2024/12/01 (15:00:15) | ERROR: Stall in Runner thread, restarting!
2024/12/01 (15:00:20) | ERROR: Stall in Runner thread, restarting!
2024/12/01 (15:00:25) | ERROR: Stall in Runner thread, restarting!
2024/12/01 (15:00:30) | ERROR: Stall in Runner thread, restarting!
2024/12/01 (15:00:35) | ERROR: Stall in Runner thread, restarting!
2024/12/01 (15:00:40) | ERROR: Stall in Runner thread, restarting!
2024/12/01 (15:00:45) | ERROR: Stall in Runner thread, restarting!
2024/12/01 (15:00:50) | ERROR: Stall in Runner thread, restarting!
2024/12/01 (15:00:56) | ERROR: Stall in Runner thread, restarting!
2024/12/01 (15:01:01) | ERROR: Stall in Runner thread, restarting!
2024/12/01 (15:01:06) | ERROR: Stall in Runner thread, restarting!
2024/12/01 (15:01:11) | ERROR: Stall in Runner thread, restarting!
2024/12/01 (15:01:16) | ERROR: Stall in Runner thread, restarting!
2024/12/01 (15:01:21) | ERROR: Stall in Runner thread, restarting!
2024/12/01 (15:01:26) | ERROR: Stall in Runner thread, restarting!
2024/12/01 (15:01:31) | ERROR: Stall in Runner thread, restarting!
2024/12/01 (15:01:36) | ERROR: Stall in Runner thread, restarting!
2024/12/01 (15:01:42) | ERROR: Stall in Runner thread, restarting!
2024/12/01 (15:01:47) | ERROR: Stall in Runner thread, restarting!
2024/12/01 (15:01:52) | ERROR: Stall in Runner thread, restarting!
2024/12/01 (15:01:57) | ERROR: Stall in Runner thread, restarting!
2024/12/01 (15:02:02) | ERROR: Stall in Runner thread, restarting!
2024/12/01 (15:02:07) | ERROR: Stall in Runner thread, restarting!
2024/12/01 (15:02:12) | ERROR: Stall in Runner thread, restarting!
2024/12/01 (15:02:17) | ERROR: Stall in Runner thread, restarting!
2024/12/01 (15:02:23) | ERROR: Stall in Runner thread, restarting!
2024/12/01 (15:02:28) | ERROR: Stall in Runner thread, restarting!
2024/12/01 (15:02:33) | ERROR: Stall in Runner thread, restarting!
2024/12/01 (15:02:38) | ERROR: Stall in Runner thread, restarting!
2024/12/01 (15:02:43) | ERROR: Stall in Runner thread, restarting!
2024/12/01 (15:02:48) | ERROR: Stall in Runner thread, restarting!
2024/12/01 (15:02:53) | ERROR: Stall in Runner thread, restarting!
2024/12/01 (15:02:58) | ERROR: Stall in Runner thread, restarting!
2024/12/01 (15:03:04) | ERROR: Stall in Runner thread, restarting!
2024/12/01 (15:03:09) | ERROR: Stall in Runner thread, restarting!
2024/12/01 (15:03:14) | ERROR: Stall in Runner thread, restarting!
2024/12/01 (15:03:19) | ERROR: Stall in Runner thread, restarting!
2024/12/01 (15:03:24) | ERROR: Stall in Runner thread, restarting!
2024/12/01 (15:03:29) | ERROR: Stall in Runner thread, restarting!
2024/12/01 (15:03:34) | ERROR: Stall in Runner thread, restarting!
2024/12/01 (15:03:39) | ERROR: Stall in Runner thread, restarting!
2024/12/01 (15:03:44) | ERROR: Stall in Runner thread, restarting!
2024/12/01 (15:03:50) | ERROR: Stall in Runner thread, restarting!

2024/12/01 (15:04:41) | ===> btop++ v.1.4.0
2024/12/01 (15:04:41) | WARNING: NVML: Failed to get maximum GPU power draw, defaulting to 225W: Not Supported
2024/12/01 (19:20:18) | ERROR: Stall in Runner thread, restarting!
2024/12/01 (19:20:23) | ERROR: Stall in Runner thread, restarting!
2024/12/01 (19:20:28) | ERROR: Stall in Runner thread, restarting!
2024/12/01 (19:20:33) | ERROR: Stall in Runner thread, restarting!
2024/12/01 (19:20:38) | ERROR: Stall in Runner thread, restarting!
2024/12/01 (19:20:43) | ERROR: Stall in Runner thread, restarting!

2024/12/01 (20:17:32) | ===> btop++ v.1.4.0
2024/12/01 (20:17:32) | WARNING: NVML: Failed to get maximum GPU power draw, defaulting to 225W: Not Supported
2024/12/01 (21:24:33) | ERROR: Stall in Runner thread, restarting!

2024/12/02 (14:36:34) | ===> btop++ v.1.4.0
2024/12/02 (14:36:34) | WARNING: NVML: Failed to get maximum GPU power draw, defaulting to 225W: Not Supported
2024/12/02 (17:20:27) | ERROR: Stall in Runner thread, restarting!
2024/12/02 (19:12:14) | ERROR: Stall in Runner thread, restarting!
2024/12/02 (23:11:09) | ERROR: Stall in Runner thread, restarting!

2024/12/03 (15:41:39) | ===> btop++ v.1.4.0
2024/12/03 (15:41:39) | WARNING: NVML: Failed to get maximum GPU power draw, defaulting to 225W: Not Supported
2024/12/03 (20:42:13) | ERROR: Stall in Runner thread, restarting!
2024/12/03 (20:42:18) | ERROR: Stall in Runner thread, restarting!
2024/12/03 (20:42:23) | ERROR: Stall in Runner thread, restarting!
2024/12/03 (20:42:29) | ERROR: Stall in Runner thread, restarting!
2024/12/03 (20:42:34) | ERROR: Stall in Runner thread, restarting!
2024/12/03 (20:42:39) | ERROR: Stall in Runner thread, restarting!
2024/12/03 (20:42:44) | ERROR: Stall in Runner thread, restarting!
2024/12/03 (20:42:49) | ERROR: Stall in Runner thread, restarting!
2024/12/03 (20:42:54) | ERROR: Stall in Runner thread, restarting!
2024/12/03 (20:42:59) | ERROR: Stall in Runner thread, restarting!
2024/12/03 (20:43:04) | ERROR: Stall in Runner thread, restarting!
2024/12/03 (20:43:09) | ERROR: Stall in Runner thread, restarting!
2024/12/03 (20:43:14) | ERROR: Stall in Runner thread, restarting!
2024/12/03 (20:43:20) | ERROR: Stall in Runner thread, restarting!
2024/12/03 (20:43:25) | ERROR: Stall in Runner thread, restarting!
2024/12/03 (20:43:30) | ERROR: Stall in Runner thread, restarting!
2024/12/03 (20:43:35) | ERROR: Stall in Runner thread, restarting!
2024/12/03 (20:43:40) | ERROR: Stall in Runner thread, restarting!
2024/12/03 (20:43:45) | ERROR: Stall in Runner thread, restarting!
2024/12/03 (20:43:50) | ERROR: Stall in Runner thread, restarting!
2024/12/03 (20:43:55) | ERROR: Stall in Runner thread, restarting!
2024/12/03 (20:44:00) | ERROR: Stall in Runner thread, restarting!
2024/12/03 (20:44:06) | ERROR: Stall in Runner thread, restarting!

2024/12/03 (21:17:20) | ===> btop++ v.1.4.0
2024/12/03 (21:17:20) | WARNING: NVML: Failed to get maximum GPU power draw, defaulting to 225W: Not Supported

2024/12/04 (13:20:43) | ===> btop++ v.1.4.0
2024/12/04 (13:20:43) | WARNING: NVML: Failed to get maximum GPU power draw, defaulting to 225W: Not Supported

2024/12/05 (17:49:58) | ===> btop++ v.1.4.0
2024/12/05 (17:49:58) | WARNING: NVML: Failed to get maximum GPU power draw, defaulting to 225W: Not Supported

2024/12/06 (17:29:38) | ===> btop++ v.1.4.0
2024/12/06 (17:29:38) | WARNING: NVML: Failed to get maximum GPU power draw, defaulting to 225W: Not Supported

2024/12/07 (11:25:21) | ===> btop++ v.1.4.0
2024/12/07 (11:25:21) | WARNING: NVML: Failed to get maximum GPU power draw, defaulting to 225W: Not Supported

2024/12/07 (23:36:03) | ===> btop++ v.1.4.0
2024/12/07 (23:36:03) | WARNING: NVML: Failed to get maximum GPU power draw, defaulting to 225W: Not Supported

2024/12/08 (12:20:06) | ===> btop++ v.1.4.0
2024/12/08 (12:20:06) | WARNING: NVML: Failed to get maximum GPU power draw, defaulting to 225W: Not Supported

2024/12/08 (19:39:24) | ===> btop++ v.1.4.0
2024/12/08 (19:39:24) | WARNING: NVML: Failed to get maximum GPU power draw, defaulting to 225W: Not Supported

2024/12/08 (19:50:08) | ===> btop++ v.1.4.0
2024/12/08 (19:50:08) | WARNING: NVML: Failed to get maximum GPU power draw, defaulting to 225W: Not Supported

2024/12/08 (20:48:44) | ===> btop++ v.1.4.0
2024/12/08 (20:48:44) | WARNING: NVML: Failed to get maximum GPU power draw, defaulting to 225W: Not Supported

2024/12/09 (14:23:06) | ===> btop++ v.1.4.0
2024/12/09 (14:23:06) | WARNING: NVML: Failed to get maximum GPU power draw, defaulting to 225W: Not Supported
2024/12/09 (20:22:17) | ERROR: Stall in Runner thread, restarting!
2024/12/09 (21:50:06) | ERROR: Stall in Runner thread, restarting!

2024/12/10 (17:04:18) | ===> btop++ v.1.4.0
2024/12/10 (17:04:18) | WARNING: NVML: Failed to get maximum GPU power draw, defaulting to 225W: Not Supported

2024/12/11 (15:33:46) | ===> btop++ v.1.4.0
2024/12/11 (15:33:46) | WARNING: NVML: Failed to get maximum GPU power draw, defaulting to 225W: Not Supported

2024/12/12 (14:36:55) | ===> btop++ v.1.4.0
2024/12/12 (14:36:55) | WARNING: NVML: Failed to get maximum GPU power draw, defaulting to 225W: Not Supported
2024/12/12 (20:55:40) | ERROR: Stall in Runner thread, restarting!

2024/12/12 (22:13:45) | ===> btop++ v.1.4.0
2024/12/12 (22:13:45) | WARNING: NVML: Failed to get maximum GPU power draw, defaulting to 225W: Not Supported

2024/12/13 (16:03:58) | ===> btop++ v.1.4.0
2024/12/13 (16:03:58) | WARNING: NVML: Failed to get maximum GPU power draw, defaulting to 225W: Not Supported

2024/12/13 (20:56:29) | ===> btop++ v.1.4.0
2024/12/13 (20:56:29) | WARNING: NVML: Failed to get maximum GPU power draw, defaulting to 225W: Not Supported

2024/12/14 (13:22:15) | ===> btop++ v.1.4.0
2024/12/14 (13:22:15) | WARNING: NVML: Failed to get maximum GPU power draw, defaulting to 225W: Not Supported

2024/12/15 (10:58:33) | ===> btop++ v.1.4.0
2024/12/15 (10:58:33) | WARNING: NVML: Failed to get maximum GPU power draw, defaulting to 225W: Not Supported

2024/12/15 (21:48:47) | ===> btop++ v.1.4.0
2024/12/15 (21:48:47) | WARNING: NVML: Failed to get maximum GPU power draw, defaulting to 225W: Not Supported

2024/12/16 (13:43:56) | ===> btop++ v.1.4.0
2024/12/16 (13:43:56) | WARNING: NVML: Failed to get maximum GPU power draw, defaulting to 225W: Not Supported

2024/12/17 (16:01:05) | ===> btop++ v.1.4.0
2024/12/17 (16:01:05) | WARNING: NVML: Failed to get maximum GPU power draw, defaulting to 225W: Not Supported

2024/12/18 (16:29:42) | ===> btop++ v.1.4.0
2024/12/18 (16:29:42) | WARNING: NVML: Failed to get maximum GPU power draw, defaulting to 225W: Not Supported

2024/12/18 (21:36:41) | ===> btop++ v.1.4.0
2024/12/18 (21:36:41) | WARNING: NVML: Failed to get maximum GPU power draw, defaulting to 225W: Not Supported

2024/12/19 (13:46:08) | ===> btop++ v.1.4.0
2024/12/19 (13:46:08) | WARNING: NVML: Failed to get maximum GPU power draw, defaulting to 225W: Not Supported

2024/12/20 (09:50:52) | ===> btop++ v.1.4.0
2024/12/20 (09:50:52) | WARNING: NVML: Failed to get maximum GPU power draw, defaulting to 225W: Not Supported

2024/12/20 (14:21:22) | ===> btop++ v.1.4.0
2024/12/20 (14:21:22) | WARNING: NVML: Failed to get maximum GPU power draw, defaulting to 225W: Not Supported

2024/12/20 (16:37:54) | ===> btop++ v.1.4.0
2024/12/20 (16:37:54) | WARNING: NVML: Failed to get maximum GPU power draw, defaulting to 225W: Not Supported

2024/12/20 (18:38:44) | ===> btop++ v.1.4.0
2024/12/20 (18:38:44) | WARNING: NVML: Failed to get maximum GPU power draw, defaulting to 225W: Not Supported

2024/12/20 (21:00:05) | ===> btop++ v.1.4.0
2024/12/20 (21:00:05) | WARNING: NVML: Failed to get maximum GPU power draw, defaulting to 225W: Not Supported

2024/12/21 (12:16:03) | ===> btop++ v.1.4.0
2024/12/21 (12:16:03) | WARNING: NVML: Failed to get maximum GPU power draw, defaulting to 225W: Not Supported
2024/12/21 (14:49:25) | ERROR: Stall in Runner thread, restarting!

2024/12/21 (22:59:11) | ===> btop++ v.1.4.0
2024/12/21 (22:59:11) | WARNING: NVML: Failed to get maximum GPU power draw, defaulting to 225W: Not Supported

2024/12/22 (12:53:41) | ===> btop++ v.1.4.0
2024/12/22 (12:53:41) | WARNING: NVML: Failed to get maximum GPU power draw, defaulting to 225W: Not Supported
2024/12/22 (17:32:29) | ERROR: Stall in Runner thread, restarting!
2024/12/22 (17:32:34) | ERROR: Stall in Runner thread, restarting!
2024/12/22 (17:32:39) | ERROR: Stall in Runner thread, restarting!
2024/12/22 (17:32:45) | ERROR: Stall in Runner thread, restarting!
2024/12/22 (17:32:50) | ERROR: Stall in Runner thread, restarting!
2024/12/22 (17:32:55) | ERROR: Stall in Runner thread, restarting!
2024/12/22 (17:33:00) | ERROR: Stall in Runner thread, restarting!
2024/12/22 (17:33:05) | ERROR: Stall in Runner thread, restarting!
2024/12/22 (17:33:10) | ERROR: Stall in Runner thread, restarting!
2024/12/22 (17:33:15) | ERROR: Stall in Runner thread, restarting!
2024/12/22 (17:33:20) | ERROR: Stall in Runner thread, restarting!
2024/12/22 (17:33:25) | ERROR: Stall in Runner thread, restarting!
2024/12/22 (17:33:31) | ERROR: Stall in Runner thread, restarting!
2024/12/22 (17:33:36) | ERROR: Stall in Runner thread, restarting!
2024/12/22 (17:33:41) | ERROR: Stall in Runner thread, restarting!
2024/12/22 (17:33:46) | ERROR: Stall in Runner thread, restarting!
2024/12/22 (17:33:51) | ERROR: Stall in Runner thread, restarting!
2024/12/22 (17:33:56) | ERROR: Stall in Runner thread, restarting!
2024/12/22 (17:34:01) | ERROR: Stall in Runner thread, restarting!
2024/12/22 (17:34:06) | ERROR: Stall in Runner thread, restarting!
2024/12/22 (17:34:11) | ERROR: Stall in Runner thread, restarting!
2024/12/22 (17:34:16) | ERROR: Stall in Runner thread, restarting!
2024/12/22 (17:34:22) | ERROR: Stall in Runner thread, restarting!
2024/12/22 (17:34:27) | ERROR: Stall in Runner thread, restarting!
2024/12/22 (17:34:32) | ERROR: Stall in Runner thread, restarting!
2024/12/22 (17:34:37) | ERROR: Stall in Runner thread, restarting!
2024/12/22 (17:34:42) | ERROR: Stall in Runner thread, restarting!
2024/12/22 (17:34:47) | ERROR: Stall in Runner thread, restarting!

2024/12/22 (18:08:47) | ===> btop++ v.1.4.0
2024/12/22 (18:08:47) | WARNING: NVML: Failed to get maximum GPU power draw, defaulting to 225W: Not Supported

2024/12/22 (22:41:34) | ===> btop++ v.1.4.0
2024/12/22 (22:41:34) | WARNING: NVML: Failed to get maximum GPU power draw, defaulting to 225W: Not Supported

2024/12/23 (13:35:17) | ===> btop++ v.1.4.0
2024/12/23 (13:35:17) | WARNING: NVML: Failed to get maximum GPU power draw, defaulting to 225W: Not Supported

2024/12/23 (16:40:21) | ===> btop++ v.1.4.0
2024/12/23 (16:40:21) | WARNING: NVML: Failed to get maximum GPU power draw, defaulting to 225W: Not Supported

2024/12/23 (20:53:03) | ===> btop++ v.1.4.0
2024/12/23 (20:53:03) | WARNING: NVML: Failed to get maximum GPU power draw, defaulting to 225W: Not Supported

2024/12/23 (20:53:14) | ===> btop++ v.1.4.0
2024/12/23 (20:53:14) | WARNING: NVML: Failed to get maximum GPU power draw, defaulting to 225W: Not Supported

2024/12/23 (21:05:52) | ===> btop++ v.1.4.0
2024/12/23 (21:05:52) | WARNING: NVML: Failed to get maximum GPU power draw, defaulting to 225W: Not Supported

2024/12/23 (21:06:57) | ===> btop++ v.1.4.0
2024/12/23 (21:06:57) | WARNING: NVML: Failed to get maximum GPU power draw, defaulting to 225W: Not Supported

2024/12/23 (21:27:44) | ===> btop++ v.1.4.0
2024/12/23 (21:27:44) | WARNING: NVML: Failed to get maximum GPU power draw, defaulting to 225W: Not Supported

2024/12/24 (14:31:30) | ===> btop++ v.1.4.0
2024/12/24 (14:31:30) | WARNING: NVML: Failed to get maximum GPU power draw, defaulting to 225W: Not Supported
2024/12/24 (16:46:37) | ERROR: Stall in Runner thread, restarting!
2024/12/24 (20:55:13) | ERROR: Stall in Runner thread, restarting!

2024/12/24 (23:03:23) | ===> btop++ v.1.4.0
2024/12/24 (23:03:23) | WARNING: NVML: Failed to get maximum GPU power draw, defaulting to 225W: Not Supported

2024/12/25 (03:15:47) | ===> btop++ v.1.4.0
2024/12/25 (03:15:47) | WARNING: NVML: Failed to get maximum GPU power draw, defaulting to 225W: Not Supported

2024/12/25 (14:54:28) | ===> btop++ v.1.4.0
2024/12/25 (14:54:28) | WARNING: NVML: Failed to get maximum GPU power draw, defaulting to 225W: Not Supported

2024/12/26 (13:57:42) | ===> btop++ v.1.4.0
2024/12/26 (13:57:42) | WARNING: NVML: Failed to get maximum GPU power draw, defaulting to 225W: Not Supported

2024/12/26 (20:14:51) | ===> btop++ v.1.4.0
2024/12/26 (20:14:51) | WARNING: NVML: Failed to get maximum GPU power draw, defaulting to 225W: Not Supported

2024/12/26 (21:30:39) | ===> btop++ v.1.4.0
2024/12/26 (21:30:39) | WARNING: NVML: Failed to get maximum GPU power draw, defaulting to 225W: Not Supported

2024/12/27 (14:46:35) | ===> btop++ v.1.4.0
2024/12/27 (14:46:35) | WARNING: NVML: Failed to get maximum GPU power draw, defaulting to 225W: Not Supported
2024/12/28 (16:17:44) | ERROR: Stall in Runner thread, restarting!

2024/12/28 (18:57:51) | ===> btop++ v.1.4.0
2024/12/28 (18:57:51) | WARNING: NVML: Failed to get maximum GPU power draw, defaulting to 225W: Not Supported
